Failed to import warp: No module named 'warp'
Failed to import mujoco_warp: No module named 'warp'
it=0 err_mm=0.89
it=1 err_mm=0.90
it=2 err_mm=0.90
it=3 err_mm=0.91
it=4 err_mm=0.92
it=5 err_mm=0.93
it=6 err_mm=0.93
it=7 err_mm=0.94

calibrated arm_q (with closed-jaw seed): array([-6.36597289e-03,  4.63831581e-01,  6.37750624e-01, -2.91510670e-01,
       -4.99492886e-04])
jaw local +X -> world: [ 0.48769208 -0.04385984  0.87191327]
jaw local +Y -> world: [-0.87252561  0.00897328  0.48848597]
jaw local +Z -> world: [-0.02924884 -0.99899739 -0.03389263]

closing jaw at frozen calibrated pose (FIXED seed):
  step=  0 jaw_ctrl=+1.500 jaw_qpos=+1.500 gap_mm=+12.59 contact=True attached=False
  step=  5 jaw_ctrl=+1.360 jaw_qpos=+1.494 gap_mm=+9.97 contact=True attached=False
  step= 10 jaw_ctrl=+1.221 jaw_qpos=+1.478 gap_mm=+7.52 contact=True attached=False
  step= 15 jaw_ctrl=+1.081 jaw_qpos=+1.455 gap_mm=+6.09 contact=True attached=False
  step= 20 jaw_ctrl=+0.942 jaw_qpos=+1.425 gap_mm=+3.99 contact=True attached=False
  step= 25 jaw_ctrl=+0.802 jaw_qpos=+1.391 gap_mm=+2.08 contact=True attached=False
  step= 26 jaw_ctrl=+0.774 jaw_qpos=+1.383 gap_mm=+1.79 contact=True attached=True
  -> ATTACHED

attached_step = 26
final gap_mm = +1.79
