Failed to import warp: No module named 'warp'
Failed to import mujoco_warp: No module named 'warp'

=== ep 0 cx=0.305 cy=-0.009 ===
  thresholds: gap<=5.0mm  jaw<=1.40  debounce=3
  step phase phase_st jaw_qpos   gap_mm contact streak attached  dist_mm
     0     0       1    1.500   194.47       0      0        0      0.0
     1     0       2    1.500   193.10       0      0        0      0.0
     2     0       3    1.500   191.16       0      0        0      0.1
     3     0       4    1.500   188.73       0      0        0      0.1
     4     0       5    1.500   185.95       0      0        0      0.2
     5     0       6    1.500   182.95       0      0        0      0.3
    10     0      11    1.500   169.58       0      0        0      0.7
    15     0      16    1.500   163.73       0      0        0      1.1
    20     0      21    1.500   162.45       0      0        0      1.6
    25     0      26    1.500   162.11       0      0        0      2.0
    30     0      31    1.500   161.75       0      0        0      2.4
    35     0      36    1.500   161.38       0      0        0      2.8
    40     0      41    1.500   160.72       0      0        0      3.2
    45     0      46    1.500   160.35       0      0        0      3.6
    50     1       1    1.500   157.64       0      0        0      4.0
    55     1       6    1.491   114.63       0      0        0      4.5
    60     1      11    1.474    55.40       0      0        0      4.9
    65     1      16    1.450    23.76       0      0        0      5.4
    70     1      21    1.419    13.75       0      0        0      7.8
    75     1      26    1.384     9.74       1      0        0     10.4
    80     1      31    1.345     5.97       1      0        0     13.2
    84     2       0    1.312     2.57       1      0        1     15.8
    85     2       1    1.303     6.83       1      0        0     16.5
    90     2       6    1.259    81.29       0      0        0     20.1
    95     2      11    1.212   164.14       0      0        0     23.0
   100     2      16    1.164   200.33       0      0        0     25.2
   105     2      21    1.115   208.58       0      0        0     26.9
   110     2      26    1.065   209.85       0      0        0     28.3
   115     2      31    1.013   211.61       0      0        0     30.3
   120     2      36    0.961   211.52       0      0        0     32.6
   125     2      41    0.909   212.67       0      0        0     35.1
   130     2      46    0.856   212.99       0      0        0     37.5
   135     2      51    0.803   214.15       0      0        0     39.7
   140     2      56    0.749   217.79       0      0        0     41.9
   145     3       0    0.695   220.67       0      0        0     44.1
   150     3       5    0.641   235.58       0      0        0     46.7
   155     3      10    0.587   277.44       0      0        0     49.8
   160     3      15    0.533   330.49       0      0        0     53.6
   165     3      20    0.478   362.24       0      0        0     58.3
   170     3      25    0.424   372.89       0      0        0     61.9
   175     3      30    0.369   375.10       0      0        0     64.6
   180     3      35    0.314   375.21       0      0        0     66.9
   185     3      40    0.260   374.99       0      0        0     69.3
   190     3      45    0.205   374.77       0      0        0     71.7
   195     3      50    0.150   374.62       0      0        0     74.2
   200     3      55    0.095   374.53       0      0        0     76.8
   205     3      60    0.040   374.48       0      0        0     79.5
   210     3      65   -0.015   374.45       0      0        0     82.2
   215     3      70   -0.069   374.45       0      0        0     85.0
   220     3      75   -0.124   374.46       0      0        0     87.7
   225     3      80   -0.178   374.47       0      0        0     90.5
   230     3      85   -0.203   374.75       0      0        0     93.4
   235     3      90   -0.207   375.35       0      0        0     96.2
   240     4       4   -0.199   369.33       0      0        0     99.0
   245     4       9   -0.183   354.95       0      0        0    101.8
   250     4      14   -0.167   345.43       0      0        0    104.7
   255     4      19   -0.165   342.58       0      0        0    107.5
   260     4      24   -0.173   342.63       0      0        0    110.4
   265     4      29   -0.177   343.35       0      0        0    113.2
   270     4      34   -0.174   344.24       0      0        0    116.1
   275     4      39   -0.174   345.14       0      0        0    118.9
   280     4      44   -0.175   346.05       0      0        0    121.8
   285     4      49   -0.175   346.98       0      0        0    124.6
   290     4      54   -0.174   347.94       0      0        0    127.5
   295     4      59   -0.174   348.92       0      0        0    130.4
   300     4      64   -0.174   349.91       0      0        0    133.2
   305     4      69   -0.175   350.91       0      0        0    136.1
   310     4      74   -0.170   351.95       0      0        0    138.9
   315     4      79   -0.156   353.09       0      0        0    141.8
   320     4      84   -0.135   354.30       0      0        0    144.7
   325     4      89   -0.107   355.57       0      0        0    147.5
   330     4      94   -0.074   356.90       0      0        0    150.4
   335     4      99   -0.036   358.26       0      0        0    153.3
   340     4     104    0.004   359.65       0      0        0    156.2
   345     4     109    0.048   361.06       0      0        0    159.0

=== ep 1 cx=0.300 cy=0.018 ===
  thresholds: gap<=5.0mm  jaw<=1.40  debounce=3
  step phase phase_st jaw_qpos   gap_mm contact streak attached  dist_mm
     0     0       1    1.500   194.00       0      0        0      0.0
     1     0       2    1.500   192.62       0      0        0      0.1
     2     0       3    1.500   190.65       0      0        0      0.2
     3     0       4    1.500   188.19       0      0        0      0.4
     4     0       5    1.500   185.37       0      0        0      0.6
     5     0       6    1.500   182.34       0      0        0      0.8
    10     0      11    1.500   168.84       0      0        0      2.3
    15     0      16    1.500   163.17       0      0        0      3.8
    20     0      21    1.500   162.04       0      0        0      5.1
    25     0      26    1.500   161.82       0      0        0      6.6
    30     0      31    1.500   161.19       0      0        0      8.0
    35     0      36    1.500   160.92       0      0        0      9.5
    40     0      41    1.500   160.64       0      0        0     10.8
    45     0      46    1.500   160.41       0      0        0     12.2
    50     1       1    1.500   157.82       0      0        0     13.5
    55     1       6    1.491   115.21       0      0        0     14.8
    60     1      11    1.474    55.78       0      0        0     16.4
    65     1      16    1.450    24.26       0      0        0     19.3
    70     1      21    1.419    14.62       0      0        0     22.7
    75     1      26    1.384    11.33       1      0        0     25.7
    80     1      31    1.345     8.05       1      0        0     26.8
    85     1      36    1.303     4.24       1      1        0     27.7
    87     2       0    1.286     3.26       1      0        1     28.3
    90     2       3    1.259    29.43       0      0        0     29.4
    95     2       8    1.212   120.95       0      0        0     32.3
   100     2      13    1.164   185.62       0      0        0     35.2
   105     2      18    1.115   206.48       0      0        0     37.6
   110     2      23    1.064   209.93       0      0        0     39.7
   115     2      28    1.013   212.13       0      0        0     41.6
   120     2      33    0.961   212.62       0      0        0     43.8
   125     2      38    0.909   213.78       0      0        0     46.3
   130     2      43    0.856   213.82       0      0        0     48.8
   135     2      48    0.802   214.60       0      0        0     51.2
   140     2      53    0.749   216.24       0      0        0     53.5
   145     2      58    0.695   220.40       0      0        0     55.8
   150     3       2    0.641   227.90       0      0        0     58.2
   155     3       7    0.586   266.73       0      0        0     61.0
   160     3      12    0.532   328.44       0      0        0     64.3
   165     3      17    0.478   376.13       0      0        0     68.4
   170     3      22    0.423   397.90       0      0        0     72.7
   175     3      27    0.368   404.58       0      0        0     75.7
   180     3      32    0.314   406.60       0      0        0     78.0
   185     3      37    0.259   407.67       0      0        0     80.3
   190     3      42    0.204   408.66       0      0        0     82.6
   195     3      47    0.149   409.72       0      0        0     85.0
   200     3      52    0.095   410.88       0      0        0     87.6
   205     3      57    0.040   412.11       0      0        0     90.2
   210     3      62   -0.015   413.38       0      0        0     92.8
   215     3      67   -0.070   414.68       0      0        0     95.6
   220     3      72   -0.125   415.99       0      0        0     98.3
   225     3      77   -0.178   417.30       0      0        0    101.1
   230     3      82   -0.204   418.85       0      0        0    103.9
   235     3      87   -0.207   420.70       0      0        0    106.7
   240     4       1   -0.199   422.05       0      0        0    109.5
   245     4       6   -0.182   414.40       0      0        0    112.3
   250     4      11   -0.167   404.61       0      0        0    115.1
   255     4      16   -0.165   400.37       0      0        0    118.0
   260     4      21   -0.173   400.62       0      0        0    120.8
   265     4      26   -0.177   402.43       0      0        0    123.6
   270     4      31   -0.174   404.58       0      0        0    126.5
   275     4      36   -0.174   406.74       0      0        0    129.3
   280     4      41   -0.175   408.90       0      0        0    132.1
   285     4      46   -0.175   411.07       0      0        0    135.0
   290     4      51   -0.174   413.26       0      0        0    137.8
   295     4      56   -0.174   415.45       0      0        0    140.7
   300     4      61   -0.174   417.65       0      0        0    143.5
   305     4      66   -0.175   419.84       0      0        0    146.4
   310     4      71   -0.174   422.05       0      0        0    149.2
   315     4      76   -0.166   424.30       0      0        0    152.1
   320     4      81   -0.148   426.64       0      0        0    154.9
   325     4      86   -0.124   429.03       0      0        0    157.8
   330     4      91   -0.094   431.46       0      0        0    160.6
   335     4      96   -0.059   433.92       0      0        0    163.5
   340     4     101   -0.020   436.39       0      0        0    166.4
   345     4     106    0.021   438.88       0      0        0    169.2
   350     4     111    0.066   441.36       0      0        0    172.1

=== ep 2 cx=0.290 cy=-0.008 ===
  thresholds: gap<=5.0mm  jaw<=1.40  debounce=3
  step phase phase_st jaw_qpos   gap_mm contact streak attached  dist_mm
     0     0       1    1.500   190.66       0      0        0      0.0
     1     0       2    1.500   189.35       0      0        0      0.0
     2     0       3    1.500   187.48       0      0        0      0.1
     3     0       4    1.500   185.17       0      0        0      0.2
     4     0       5    1.500   182.53       0      0        0      0.3
     5     0       6    1.500   179.77       0      0        0      0.5
    10     0      11    1.500   167.43       0      0        0      1.3
    15     0      16    1.500   162.30       0      0        0      2.3
    20     0      21    1.500   161.69       0      0        0      3.2
    25     0      26    1.500   161.73       0      0        0      4.1
    30     0      31    1.500   161.52       0      0        0      5.0
    35     0      36    1.500   161.53       0      0        0      5.9
    40     0      41    1.500   161.53       0      0        0      6.8
    45     0      46    1.500   161.54       0      0        0      7.7
    50     1       1    1.500   159.56       0      0        0      8.6
    55     1       6    1.491   117.87       0      0        0      9.5
    60     1      11    1.474    57.55       0      0        0     10.4
    65     1      16    1.450    24.84       0      0        0     13.0
    70     1      21    1.419    14.87       0      0        0     16.7
    75     1      26    1.384    12.43       0      0        0     20.4
    80     1      31    1.346    10.35       1      0        0     22.8
    85     1      36    1.303     7.96       1      0        0     23.8
    90     1      41    1.259     3.81       1      1        0     25.0
    92     2       0    1.240     2.76       1      0        1     25.8
    95     2       3    1.212    30.35       0      0        0     27.3
   100     2       8    1.164   124.33       0      0        0     30.4
   105     2      13    1.115   188.86       0      0        0     32.9
   110     2      18    1.064   209.11       0      0        0     34.9
   115     2      23    1.013   212.20       0      0        0     36.6
   120     2      28    0.961   214.08       0      0        0     38.0
   125     2      33    0.908   214.39       0      0        0     40.0
   130     2      38    0.855   215.37       0      0        0     42.3
   135     2      43    0.802   214.93       0      0        0     44.7
   140     2      48    0.748   214.77       0      0        0     47.2
   145     2      53    0.694   215.22       0      0        0     49.5
   150     2      58    0.640   218.02       0      0        0     51.7
   155     3       2    0.586   223.27       0      0        0     53.9
   160     3       7    0.532   252.62       0      0        0     56.1
   165     3      12    0.477   305.90       0      0        0     58.6
   170     3      17    0.423   352.43       0      0        0     61.6
   175     3      22    0.368   375.05       0      0        0     65.3
   180     3      27    0.313   384.24       0      0        0     69.5
   185     3      32    0.259   387.10       0      0        0     72.7
   190     3      37    0.204   388.00       0      0        0     75.3
   195     3      42    0.149   388.41       0      0        0     77.6
   200     3      47    0.094   388.73       0      0        0     80.0
   205     3      52    0.039   389.09       0      0        0     82.4
   210     3      57   -0.016   389.52       0      0        0     84.9
   215     3      62   -0.070   390.00       0      0        0     87.5
   220     3      67   -0.125   390.53       0      0        0     90.1
   225     3      72   -0.179   391.08       0      0        0     92.8
   230     3      77   -0.204   391.92       0      0        0     95.5
   235     3      82   -0.207   393.09       0      0        0     98.2
   240     3      87   -0.199   394.42       0      0        0    101.0
   245     4       1   -0.182   395.17       0      0        0    103.7
   250     4       6   -0.167   385.70       0      0        0    106.5
   255     4      11   -0.165   373.82       0      0        0    109.3
   260     4      16   -0.173   368.27       0      0        0    112.0
   265     4      21   -0.177   367.73       0      0        0    114.8
   270     4      26   -0.174   368.94       0      0        0    117.6
   275     4      31   -0.174   370.43       0      0        0    120.4
   280     4      36   -0.175   371.93       0      0        0    123.2
   285     4      41   -0.175   373.45       0      0        0    125.9
   290     4      46   -0.174   375.00       0      0        0    128.7
   295     4      51   -0.174   376.55       0      0        0    131.5
   300     4      56   -0.174   378.12       0      0        0    134.3
   305     4      61   -0.175   379.71       0      0        0    137.1
   310     4      66   -0.175   381.30       0      0        0    139.9
   315     4      71   -0.174   382.90       0      0        0    142.7
   320     4      76   -0.166   384.56       0      0        0    145.5
   325     4      81   -0.148   386.30       0      0        0    148.3
   330     4      86   -0.124   388.10       0      0        0    151.1
   335     4      91   -0.094   389.96       0      0        0    153.9
   340     4      96   -0.059   391.84       0      0        0    156.7
   345     4     101   -0.020   393.76       0      0        0    159.5
   350     4     106    0.021   395.69       0      0        0    162.3
   355     4     111    0.066   397.62       0      0        0    165.1
