Warning: You are sending unauthenticated requests to the HF Hub. Please set a HF_TOKEN to enable higher rate limits and faster downloads.
Failed to import warp: No module named 'warp'
Failed to import mujoco_warp: No module named 'warp'
Loading weights:   0%|          | 0/103 [00:00<?, ?it/s]Loading weights: 100%|██████████| 103/103 [00:00<00:00, 15784.77it/s]
/home/aditya/bude_vla/src/bude_vla/models/action_head.py:80: UserWarning: enable_nested_tensor is True, but self.use_nested_tensor is False because encoder_layer.norm_first was True
  self.temporal = nn.TransformerEncoder(
Traceback (most recent call last):
  File "/home/aditya/bude_vla/scripts/record_success_video.py", line 76, in <module>
    r = runner.run_one(data, policy, cube_xy,
        ^^^^^^^^^^^^^^^^^^^^^^^^^^^^^^^^^^^^^
  File "/home/aditya/bude_vla/src/bude_vla/env_runner.py", line 269, in run_one
    new_chunk = policy.sample(batch)[0].detach().cpu().numpy()
                ^^^^^^^^^^^^^^^^^^^^
  File "/home/aditya/.bude-venv/lib/python3.12/site-packages/torch/utils/_contextlib.py", line 124, in decorate_context
    return func(*args, **kwargs)
           ^^^^^^^^^^^^^^^^^^^^^
  File "/home/aditya/bude_vla/src/bude_vla/models/policy.py", line 177, in sample
    tokens = self.encode(batch)
             ^^^^^^^^^^^^^^^^^^
  File "/home/aditya/bude_vla/src/bude_vla/models/policy.py", line 144, in encode
    patch_tokens = self.vision(images)              # (B, N_patch, d)
                   ^^^^^^^^^^^^^^^^^^^
  File "/home/aditya/.bude-venv/lib/python3.12/site-packages/torch/nn/modules/module.py", line 1776, in _wrapped_call_impl
    return self._call_impl(*args, **kwargs)
           ^^^^^^^^^^^^^^^^^^^^^^^^^^^^^^^^
  File "/home/aditya/.bude-venv/lib/python3.12/site-packages/torch/nn/modules/module.py", line 1787, in _call_impl
    return forward_call(*args, **kwargs)
           ^^^^^^^^^^^^^^^^^^^^^^^^^^^^^
  File "/home/aditya/bude_vla/src/bude_vla/models/vision.py", line 155, in forward
    x = self.backbone.forward_features(x)
        ^^^^^^^^^^^^^^^^^^^^^^^^^^^^^^^^^
  File "/home/aditya/.bude-venv/lib/python3.12/site-packages/timm/models/vision_transformer.py", line 1238, in forward_features
    x = self.patch_embed(x)
        ^^^^^^^^^^^^^^^^^^^
  File "/home/aditya/.bude-venv/lib/python3.12/site-packages/torch/nn/modules/module.py", line 1776, in _wrapped_call_impl
    return self._call_impl(*args, **kwargs)
           ^^^^^^^^^^^^^^^^^^^^^^^^^^^^^^^^
  File "/home/aditya/.bude-venv/lib/python3.12/site-packages/torch/nn/modules/module.py", line 1787, in _call_impl
    return forward_call(*args, **kwargs)
           ^^^^^^^^^^^^^^^^^^^^^^^^^^^^^
  File "/home/aditya/.bude-venv/lib/python3.12/site-packages/timm/layers/patch_embed.py", line 136, in forward
    x = self.proj(x)
        ^^^^^^^^^^^^
  File "/home/aditya/.bude-venv/lib/python3.12/site-packages/torch/nn/modules/module.py", line 1776, in _wrapped_call_impl
    return self._call_impl(*args, **kwargs)
           ^^^^^^^^^^^^^^^^^^^^^^^^^^^^^^^^
  File "/home/aditya/.bude-venv/lib/python3.12/site-packages/torch/nn/modules/module.py", line 1787, in _call_impl
    return forward_call(*args, **kwargs)
           ^^^^^^^^^^^^^^^^^^^^^^^^^^^^^
  File "/home/aditya/.bude-venv/lib/python3.12/site-packages/torch/nn/modules/conv.py", line 553, in forward
    return self._conv_forward(input, self.weight, self.bias)
           ^^^^^^^^^^^^^^^^^^^^^^^^^^^^^^^^^^^^^^^^^^^^^^^^^
  File "/home/aditya/.bude-venv/lib/python3.12/site-packages/torch/nn/modules/conv.py", line 548, in _conv_forward
    return F.conv2d(
           ^^^^^^^^^
RuntimeError: Given groups=1, weight of size [384, 12, 14, 14], expected input[1, 9, 224, 224] to have 12 channels, but got 9 channels instead
Warning: You are sending unauthenticated requests to the HF Hub. Please set a HF_TOKEN to enable higher rate limits and faster downloads.
Failed to import warp: No module named 'warp'
Failed to import mujoco_warp: No module named 'warp'
Loading weights:   0%|          | 0/103 [00:00<?, ?it/s]Loading weights: 100%|██████████| 103/103 [00:00<00:00, 12713.75it/s]
/home/aditya/bude_vla/src/bude_vla/models/action_head.py:80: UserWarning: enable_nested_tensor is True, but self.use_nested_tensor is False because encoder_layer.norm_first was True
  self.temporal = nn.TransformerEncoder(
  attempt 1: cube=(0.66,+0.05) -> success=True frames=50
  picked cube=(0.66,+0.05) n_tries=1 frames=50
wrote demos/videos/pick_success_v4_25k.mp4  (50 frames @ 30 fps = 1.7 s)
