Training on cuda
Warning: You are sending unauthenticated requests to the HF Hub. Please set a HF_TOKEN to enable higher rate limits and faster downloads.
Loading weights:   0%|          | 0/103 [00:00<?, ?it/s]Loading weights: 100%|██████████| 103/103 [00:00<00:00, 11410.81it/s]
/home/aditya/bude_vla/src/bude_vla/models/action_head.py:80: UserWarning: enable_nested_tensor is True, but self.use_nested_tensor is False because encoder_layer.norm_first was True
  self.temporal = nn.TransformerEncoder(
Model parameters: 57,317,918
  vision: 22,404,736
  text: 22,811,776
  proprio: 2,320
  soft_prompts: 49,152
  backbone: 6,318,080
  action_head: 5,731,854
  total: 57,317,918
  loaded 24921 frames from /home/aditya/bude_vla/data/pick_v3_224_6ch_v4
  total frames: 24921, batches/epoch: 778, history_frames: 2
  action_norm lo=[-0.5992828  -0.97112006 -0.49136448]  hi=[0.2727458  0.41297784 1.3588737 ]
/home/aditya/bude_vla/scripts/train.py:144: UserWarning: Detected call of `lr_scheduler.step()` before `optimizer.step()`. In PyTorch 1.1.0 and later, you should call them in the opposite order: `optimizer.step()` before `lr_scheduler.step()`.  Failure to do this will result in PyTorch skipping the first value of the learning rate schedule. See more details at https://pytorch.org/docs/stable/optim.html#how-to-adjust-learning-rate
  scheduler.step()
  resumed from step 500, loss_hist entries=5
step    600 | loss 0.393336 | lr 2.99e-04 | 12.6 steps/s | epoch 0
step    700 | loss 0.337428 | lr 2.99e-04 | 7.4 steps/s | epoch 0
step    800 | loss 0.312695 | lr 2.99e-04 | 5.6 steps/s | epoch 0
step    900 | loss 0.291048 | lr 2.99e-04 | 4.7 steps/s | epoch 0
step   1000 | loss 0.289822 | lr 2.99e-04 | 4.2 steps/s | epoch 0
  saved checkpoint: /home/aditya/bude_vla/checkpoints/pick_v4_25k/pick_v4_25k_step_001000.pt
step   1100 | loss 0.283645 | lr 2.98e-04 | 3.9 steps/s | epoch 0
step   1200 | loss 0.259185 | lr 2.98e-04 | 3.6 steps/s | epoch 0
step   1300 | loss 0.252633 | lr 2.98e-04 | 3.4 steps/s | epoch 1
step   1400 | loss 0.258611 | lr 2.97e-04 | 3.3 steps/s | epoch 1
step   1500 | loss 0.243695 | lr 2.97e-04 | 3.2 steps/s | epoch 1
  saved checkpoint: /home/aditya/bude_vla/checkpoints/pick_v4_25k/pick_v4_25k_step_001500.pt
step   1600 | loss 0.235157 | lr 2.97e-04 | 3.1 steps/s | epoch 1
step   1700 | loss 0.221859 | lr 2.96e-04 | 3.0 steps/s | epoch 1
step   1800 | loss 0.228265 | lr 2.96e-04 | 3.0 steps/s | epoch 1
step   1900 | loss 0.205378 | lr 2.95e-04 | 2.9 steps/s | epoch 1
step   2000 | loss 0.215349 | lr 2.95e-04 | 2.9 steps/s | epoch 1
  saved checkpoint: /home/aditya/bude_vla/checkpoints/pick_v4_25k/pick_v4_25k_step_002000.pt
step   2100 | loss 0.213529 | lr 2.95e-04 | 2.8 steps/s | epoch 2
step   2200 | loss 0.205806 | lr 2.94e-04 | 2.8 steps/s | epoch 2
step   2300 | loss 0.203650 | lr 2.94e-04 | 2.7 steps/s | epoch 2
step   2400 | loss 0.207138 | lr 2.93e-04 | 2.7 steps/s | epoch 2
step   2500 | loss 0.198015 | lr 2.92e-04 | 2.7 steps/s | epoch 2
  saved checkpoint: /home/aditya/bude_vla/checkpoints/pick_v4_25k/pick_v4_25k_step_002500.pt
step   2600 | loss 0.197673 | lr 2.92e-04 | 2.7 steps/s | epoch 2
step   2700 | loss 0.179018 | lr 2.91e-04 | 2.7 steps/s | epoch 2
step   2800 | loss 0.189591 | lr 2.91e-04 | 2.6 steps/s | epoch 2
step   2900 | loss 0.182502 | lr 2.90e-04 | 2.6 steps/s | epoch 3
step   3000 | loss 0.173986 | lr 2.89e-04 | 2.6 steps/s | epoch 3
  saved checkpoint: /home/aditya/bude_vla/checkpoints/pick_v4_25k/pick_v4_25k_step_003000.pt
step   3100 | loss 0.168123 | lr 2.89e-04 | 2.6 steps/s | epoch 3
step   3200 | loss 0.169451 | lr 2.88e-04 | 2.6 steps/s | epoch 3
step   3300 | loss 0.166090 | lr 2.87e-04 | 2.6 steps/s | epoch 3
step   3400 | loss 0.162492 | lr 2.86e-04 | 2.5 steps/s | epoch 3
step   3500 | loss 0.166375 | lr 2.86e-04 | 2.5 steps/s | epoch 3
  saved checkpoint: /home/aditya/bude_vla/checkpoints/pick_v4_25k/pick_v4_25k_step_003500.pt
step   3600 | loss 0.155697 | lr 2.85e-04 | 2.5 steps/s | epoch 3
step   3700 | loss 0.170357 | lr 2.84e-04 | 2.5 steps/s | epoch 4
step   3800 | loss 0.163315 | lr 2.83e-04 | 2.5 steps/s | epoch 4
step   3900 | loss 0.167552 | lr 2.82e-04 | 2.5 steps/s | epoch 4
step   4000 | loss 0.151827 | lr 2.81e-04 | 2.5 steps/s | epoch 4
  saved checkpoint: /home/aditya/bude_vla/checkpoints/pick_v4_25k/pick_v4_25k_step_004000.pt
step   4100 | loss 0.149067 | lr 2.80e-04 | 2.5 steps/s | epoch 4
step   4200 | loss 0.150925 | lr 2.80e-04 | 2.5 steps/s | epoch 4
step   4300 | loss 0.164704 | lr 2.79e-04 | 2.5 steps/s | epoch 4
step   4400 | loss 0.146632 | lr 2.78e-04 | 2.5 steps/s | epoch 5
step   4500 | loss 0.149753 | lr 2.77e-04 | 2.5 steps/s | epoch 5
  saved checkpoint: /home/aditya/bude_vla/checkpoints/pick_v4_25k/pick_v4_25k_step_004500.pt
step   4600 | loss 0.143007 | lr 2.76e-04 | 2.5 steps/s | epoch 5
step   4700 | loss 0.151315 | lr 2.75e-04 | 2.5 steps/s | epoch 5
step   4800 | loss 0.149977 | lr 2.74e-04 | 2.4 steps/s | epoch 5
step   4900 | loss 0.148339 | lr 2.72e-04 | 2.4 steps/s | epoch 5
step   5000 | loss 0.143657 | lr 2.71e-04 | 2.4 steps/s | epoch 5
  saved checkpoint: /home/aditya/bude_vla/checkpoints/pick_v4_25k/pick_v4_25k_step_005000.pt
step   5100 | loss 0.146419 | lr 2.70e-04 | 2.4 steps/s | epoch 5
step   5200 | loss 0.144550 | lr 2.69e-04 | 2.4 steps/s | epoch 6
step   5300 | loss 0.136661 | lr 2.68e-04 | 2.4 steps/s | epoch 6
step   5400 | loss 0.139685 | lr 2.67e-04 | 2.4 steps/s | epoch 6
step   5500 | loss 0.139505 | lr 2.66e-04 | 2.4 steps/s | epoch 6
  saved checkpoint: /home/aditya/bude_vla/checkpoints/pick_v4_25k/pick_v4_25k_step_005500.pt
step   5600 | loss 0.144773 | lr 2.64e-04 | 2.4 steps/s | epoch 6
step   5700 | loss 0.135728 | lr 2.63e-04 | 2.4 steps/s | epoch 6
step   5800 | loss 0.133708 | lr 2.62e-04 | 2.4 steps/s | epoch 6
step   5900 | loss 0.142299 | lr 2.61e-04 | 2.4 steps/s | epoch 6
step   6000 | loss 0.137388 | lr 2.59e-04 | 2.4 steps/s | epoch 7
  saved checkpoint: /home/aditya/bude_vla/checkpoints/pick_v4_25k/pick_v4_25k_step_006000.pt
step   6100 | loss 0.131539 | lr 2.58e-04 | 2.4 steps/s | epoch 7
step   6200 | loss 0.128350 | lr 2.57e-04 | 2.4 steps/s | epoch 7
step   6300 | loss 0.132887 | lr 2.56e-04 | 2.4 steps/s | epoch 7
step   6400 | loss 0.135319 | lr 2.54e-04 | 2.4 steps/s | epoch 7
step   6500 | loss 0.137065 | lr 2.53e-04 | 2.4 steps/s | epoch 7
  saved checkpoint: /home/aditya/bude_vla/checkpoints/pick_v4_25k/pick_v4_25k_step_006500.pt
step   6600 | loss 0.135579 | lr 2.52e-04 | 2.4 steps/s | epoch 7
step   6700 | loss 0.132717 | lr 2.50e-04 | 2.4 steps/s | epoch 7
step   6800 | loss 0.131734 | lr 2.49e-04 | 2.4 steps/s | epoch 8
step   6900 | loss 0.136290 | lr 2.47e-04 | 2.4 steps/s | epoch 8
step   7000 | loss 0.132787 | lr 2.46e-04 | 2.4 steps/s | epoch 8
  saved checkpoint: /home/aditya/bude_vla/checkpoints/pick_v4_25k/pick_v4_25k_step_007000.pt
step   7100 | loss 0.119107 | lr 2.44e-04 | 2.4 steps/s | epoch 8
step   7200 | loss 0.135809 | lr 2.43e-04 | 2.4 steps/s | epoch 8
step   7300 | loss 0.125100 | lr 2.42e-04 | 2.3 steps/s | epoch 8
step   7400 | loss 0.117293 | lr 2.40e-04 | 2.3 steps/s | epoch 8
step   7500 | loss 0.125567 | lr 2.39e-04 | 2.3 steps/s | epoch 8
  saved checkpoint: /home/aditya/bude_vla/checkpoints/pick_v4_25k/pick_v4_25k_step_007500.pt
step   7600 | loss 0.118297 | lr 2.37e-04 | 2.3 steps/s | epoch 9
step   7700 | loss 0.127097 | lr 2.36e-04 | 2.3 steps/s | epoch 9
step   7800 | loss 0.131211 | lr 2.34e-04 | 2.3 steps/s | epoch 9
step   7900 | loss 0.135184 | lr 2.32e-04 | 2.3 steps/s | epoch 9
step   8000 | loss 0.126599 | lr 2.31e-04 | 2.3 steps/s | epoch 9
  saved checkpoint: /home/aditya/bude_vla/checkpoints/pick_v4_25k/pick_v4_25k_step_008000.pt
step   8100 | loss 0.125996 | lr 2.29e-04 | 2.3 steps/s | epoch 9
step   8200 | loss 0.124234 | lr 2.28e-04 | 2.3 steps/s | epoch 9
step   8300 | loss 0.127964 | lr 2.26e-04 | 2.3 steps/s | epoch 10
step   8400 | loss 0.116109 | lr 2.24e-04 | 2.3 steps/s | epoch 10
step   8500 | loss 0.120914 | lr 2.23e-04 | 2.3 steps/s | epoch 10
  saved checkpoint: /home/aditya/bude_vla/checkpoints/pick_v4_25k/pick_v4_25k_step_008500.pt
step   8600 | loss 0.120248 | lr 2.21e-04 | 2.3 steps/s | epoch 10
step   8700 | loss 0.119127 | lr 2.20e-04 | 2.3 steps/s | epoch 10
step   8800 | loss 0.118286 | lr 2.18e-04 | 2.3 steps/s | epoch 10
step   8900 | loss 0.117112 | lr 2.16e-04 | 2.3 steps/s | epoch 10
step   9000 | loss 0.113252 | lr 2.15e-04 | 2.3 steps/s | epoch 10
  saved checkpoint: /home/aditya/bude_vla/checkpoints/pick_v4_25k/pick_v4_25k_step_009000.pt
step   9100 | loss 0.115922 | lr 2.13e-04 | 2.3 steps/s | epoch 11
step   9200 | loss 0.117801 | lr 2.11e-04 | 2.3 steps/s | epoch 11
step   9300 | loss 0.121340 | lr 2.09e-04 | 2.3 steps/s | epoch 11
step   9400 | loss 0.116857 | lr 2.08e-04 | 2.3 steps/s | epoch 11
step   9500 | loss 0.118018 | lr 2.06e-04 | 2.3 steps/s | epoch 11
  saved checkpoint: /home/aditya/bude_vla/checkpoints/pick_v4_25k/pick_v4_25k_step_009500.pt
step   9600 | loss 0.121089 | lr 2.04e-04 | 2.3 steps/s | epoch 11
step   9700 | loss 0.118161 | lr 2.02e-04 | 2.3 steps/s | epoch 11
step   9800 | loss 0.109862 | lr 2.01e-04 | 2.3 steps/s | epoch 11
step   9900 | loss 0.116947 | lr 1.99e-04 | 2.3 steps/s | epoch 12
step  10000 | loss 0.114278 | lr 1.97e-04 | 2.3 steps/s | epoch 12
  saved checkpoint: /home/aditya/bude_vla/checkpoints/pick_v4_25k/pick_v4_25k_step_010000.pt
step  10100 | loss 0.110721 | lr 1.95e-04 | 2.3 steps/s | epoch 12
step  10200 | loss 0.112561 | lr 1.94e-04 | 2.3 steps/s | epoch 12
step  10300 | loss 0.116530 | lr 1.92e-04 | 2.3 steps/s | epoch 12
step  10400 | loss 0.104369 | lr 1.90e-04 | 2.3 steps/s | epoch 12
step  10500 | loss 0.114631 | lr 1.88e-04 | 2.3 steps/s | epoch 12
  saved checkpoint: /home/aditya/bude_vla/checkpoints/pick_v4_25k/pick_v4_25k_step_010500.pt
step  10600 | loss 0.115645 | lr 1.86e-04 | 2.3 steps/s | epoch 12
step  10700 | loss 0.112594 | lr 1.85e-04 | 2.3 steps/s | epoch 13
step  10800 | loss 0.118659 | lr 1.83e-04 | 2.3 steps/s | epoch 13
step  10900 | loss 0.108264 | lr 1.81e-04 | 2.3 steps/s | epoch 13
step  11000 | loss 0.107936 | lr 1.79e-04 | 2.3 steps/s | epoch 13
  saved checkpoint: /home/aditya/bude_vla/checkpoints/pick_v4_25k/pick_v4_25k_step_011000.pt
step  11100 | loss 0.112076 | lr 1.77e-04 | 2.3 steps/s | epoch 13
step  11200 | loss 0.109611 | lr 1.75e-04 | 2.3 steps/s | epoch 13
step  11300 | loss 0.103096 | lr 1.74e-04 | 2.3 steps/s | epoch 13
step  11400 | loss 0.110494 | lr 1.72e-04 | 2.3 steps/s | epoch 14
step  11500 | loss 0.105914 | lr 1.70e-04 | 2.3 steps/s | epoch 14
  saved checkpoint: /home/aditya/bude_vla/checkpoints/pick_v4_25k/pick_v4_25k_step_011500.pt
step  11600 | loss 0.102437 | lr 1.68e-04 | 2.3 steps/s | epoch 14
step  11700 | loss 0.103337 | lr 1.66e-04 | 2.3 steps/s | epoch 14
step  11800 | loss 0.112732 | lr 1.64e-04 | 2.3 steps/s | epoch 14
step  11900 | loss 0.107519 | lr 1.63e-04 | 2.3 steps/s | epoch 14
step  12000 | loss 0.096957 | lr 1.61e-04 | 2.3 steps/s | epoch 14
  saved checkpoint: /home/aditya/bude_vla/checkpoints/pick_v4_25k/pick_v4_25k_step_012000.pt
step  12100 | loss 0.103441 | lr 1.59e-04 | 2.3 steps/s | epoch 14
step  12200 | loss 0.102714 | lr 1.57e-04 | 2.3 steps/s | epoch 15
step  12300 | loss 0.106536 | lr 1.55e-04 | 2.3 steps/s | epoch 15
step  12400 | loss 0.105297 | lr 1.53e-04 | 2.3 steps/s | epoch 15
step  12500 | loss 0.105187 | lr 1.51e-04 | 2.3 steps/s | epoch 15
  saved checkpoint: /home/aditya/bude_vla/checkpoints/pick_v4_25k/pick_v4_25k_step_012500.pt
step  12600 | loss 0.105862 | lr 1.49e-04 | 2.3 steps/s | epoch 15
step  12700 | loss 0.098709 | lr 1.48e-04 | 2.3 steps/s | epoch 15
step  12800 | loss 0.106142 | lr 1.46e-04 | 2.3 steps/s | epoch 15
step  12900 | loss 0.096852 | lr 1.44e-04 | 2.3 steps/s | epoch 15
step  13000 | loss 0.100144 | lr 1.42e-04 | 2.3 steps/s | epoch 16
  saved checkpoint: /home/aditya/bude_vla/checkpoints/pick_v4_25k/pick_v4_25k_step_013000.pt
step  13100 | loss 0.100983 | lr 1.40e-04 | 2.3 steps/s | epoch 16
step  13200 | loss 0.105737 | lr 1.38e-04 | 2.3 steps/s | epoch 16
step  13300 | loss 0.115302 | lr 1.36e-04 | 2.3 steps/s | epoch 16
step  13400 | loss 0.105125 | lr 1.35e-04 | 2.2 steps/s | epoch 16
step  13500 | loss 0.104920 | lr 1.33e-04 | 2.2 steps/s | epoch 16
  saved checkpoint: /home/aditya/bude_vla/checkpoints/pick_v4_25k/pick_v4_25k_step_013500.pt
step  13600 | loss 0.101237 | lr 1.31e-04 | 2.2 steps/s | epoch 16
step  13700 | loss 0.102826 | lr 1.29e-04 | 2.2 steps/s | epoch 16
step  13800 | loss 0.095118 | lr 1.27e-04 | 2.2 steps/s | epoch 17
step  13900 | loss 0.094998 | lr 1.25e-04 | 2.2 steps/s | epoch 17
step  14000 | loss 0.100016 | lr 1.24e-04 | 2.2 steps/s | epoch 17
  saved checkpoint: /home/aditya/bude_vla/checkpoints/pick_v4_25k/pick_v4_25k_step_014000.pt
step  14100 | loss 0.099448 | lr 1.22e-04 | 2.2 steps/s | epoch 17
step  14200 | loss 0.095569 | lr 1.20e-04 | 2.2 steps/s | epoch 17
step  14300 | loss 0.093318 | lr 1.18e-04 | 2.2 steps/s | epoch 17
step  14400 | loss 0.097945 | lr 1.16e-04 | 2.2 steps/s | epoch 17
step  14500 | loss 0.104184 | lr 1.14e-04 | 2.2 steps/s | epoch 17
  saved checkpoint: /home/aditya/bude_vla/checkpoints/pick_v4_25k/pick_v4_25k_step_014500.pt
step  14600 | loss 0.093813 | lr 1.13e-04 | 2.2 steps/s | epoch 18
step  14700 | loss 0.091830 | lr 1.11e-04 | 2.2 steps/s | epoch 18
step  14800 | loss 0.090574 | lr 1.09e-04 | 2.2 steps/s | epoch 18
step  14900 | loss 0.095699 | lr 1.07e-04 | 2.2 steps/s | epoch 18
step  15000 | loss 0.091599 | lr 1.06e-04 | 2.2 steps/s | epoch 18
  saved checkpoint: /home/aditya/bude_vla/checkpoints/pick_v4_25k/pick_v4_25k_step_015000.pt
step  15100 | loss 0.094066 | lr 1.04e-04 | 2.2 steps/s | epoch 18
step  15200 | loss 0.098916 | lr 1.02e-04 | 2.2 steps/s | epoch 18
step  15300 | loss 0.092491 | lr 1.00e-04 | 2.2 steps/s | epoch 19
step  15400 | loss 0.094756 | lr 9.85e-05 | 2.2 steps/s | epoch 19
step  15500 | loss 0.092583 | lr 9.67e-05 | 2.2 steps/s | epoch 19
  saved checkpoint: /home/aditya/bude_vla/checkpoints/pick_v4_25k/pick_v4_25k_step_015500.pt
step  15600 | loss 0.092327 | lr 9.50e-05 | 2.2 steps/s | epoch 19
step  15700 | loss 0.091141 | lr 9.33e-05 | 2.2 steps/s | epoch 19
step  15800 | loss 0.091010 | lr 9.16e-05 | 2.2 steps/s | epoch 19
step  15900 | loss 0.089628 | lr 8.99e-05 | 2.2 steps/s | epoch 19
step  16000 | loss 0.088380 | lr 8.82e-05 | 2.2 steps/s | epoch 19
  saved checkpoint: /home/aditya/bude_vla/checkpoints/pick_v4_25k/pick_v4_25k_step_016000.pt
step  16100 | loss 0.092727 | lr 8.65e-05 | 2.2 steps/s | epoch 20
step  16200 | loss 0.086321 | lr 8.48e-05 | 2.2 steps/s | epoch 20
step  16300 | loss 0.086119 | lr 8.32e-05 | 2.2 steps/s | epoch 20
step  16400 | loss 0.086404 | lr 8.15e-05 | 2.2 steps/s | epoch 20
step  16500 | loss 0.090716 | lr 7.99e-05 | 2.2 steps/s | epoch 20
  saved checkpoint: /home/aditya/bude_vla/checkpoints/pick_v4_25k/pick_v4_25k_step_016500.pt
step  16600 | loss 0.093666 | lr 7.83e-05 | 2.2 steps/s | epoch 20
step  16700 | loss 0.090242 | lr 7.66e-05 | 2.2 steps/s | epoch 20
step  16800 | loss 0.081374 | lr 7.50e-05 | 2.2 steps/s | epoch 20
step  16900 | loss 0.086419 | lr 7.34e-05 | 2.2 steps/s | epoch 21
step  17000 | loss 0.091044 | lr 7.19e-05 | 2.2 steps/s | epoch 21
  saved checkpoint: /home/aditya/bude_vla/checkpoints/pick_v4_25k/pick_v4_25k_step_017000.pt
step  17100 | loss 0.085117 | lr 7.03e-05 | 2.2 steps/s | epoch 21
step  17200 | loss 0.085062 | lr 6.87e-05 | 2.2 steps/s | epoch 21
step  17300 | loss 0.083696 | lr 6.72e-05 | 2.2 steps/s | epoch 21
step  17400 | loss 0.085270 | lr 6.57e-05 | 2.2 steps/s | epoch 21
step  17500 | loss 0.082727 | lr 6.42e-05 | 2.2 steps/s | epoch 21
  saved checkpoint: /home/aditya/bude_vla/checkpoints/pick_v4_25k/pick_v4_25k_step_017500.pt
step  17600 | loss 0.082435 | lr 6.27e-05 | 2.2 steps/s | epoch 21
step  17700 | loss 0.085826 | lr 6.12e-05 | 2.2 steps/s | epoch 22
step  17800 | loss 0.082896 | lr 5.97e-05 | 2.2 steps/s | epoch 22
step  17900 | loss 0.079586 | lr 5.82e-05 | 2.2 steps/s | epoch 22
step  18000 | loss 0.086155 | lr 5.68e-05 | 2.2 steps/s | epoch 22
  saved checkpoint: /home/aditya/bude_vla/checkpoints/pick_v4_25k/pick_v4_25k_step_018000.pt
step  18100 | loss 0.084159 | lr 5.54e-05 | 2.2 steps/s | epoch 22
step  18200 | loss 0.079435 | lr 5.39e-05 | 2.2 steps/s | epoch 22
step  18300 | loss 0.080475 | lr 5.25e-05 | 2.2 steps/s | epoch 22
step  18400 | loss 0.083386 | lr 5.12e-05 | 2.2 steps/s | epoch 23
step  18500 | loss 0.080806 | lr 4.98e-05 | 2.2 steps/s | epoch 23
  saved checkpoint: /home/aditya/bude_vla/checkpoints/pick_v4_25k/pick_v4_25k_step_018500.pt
step  18600 | loss 0.082275 | lr 4.84e-05 | 2.2 steps/s | epoch 23
step  18700 | loss 0.078497 | lr 4.71e-05 | 2.2 steps/s | epoch 23
step  18800 | loss 0.083145 | lr 4.58e-05 | 2.2 steps/s | epoch 23
step  18900 | loss 0.081170 | lr 4.45e-05 | 2.2 steps/s | epoch 23
step  19000 | loss 0.081743 | lr 4.32e-05 | 2.2 steps/s | epoch 23
  saved checkpoint: /home/aditya/bude_vla/checkpoints/pick_v4_25k/pick_v4_25k_step_019000.pt
step  19100 | loss 0.077671 | lr 4.19e-05 | 2.2 steps/s | epoch 23
step  19200 | loss 0.084681 | lr 4.07e-05 | 2.2 steps/s | epoch 24
step  19300 | loss 0.079157 | lr 3.95e-05 | 2.2 steps/s | epoch 24
step  19400 | loss 0.080451 | lr 3.82e-05 | 2.2 steps/s | epoch 24
step  19500 | loss 0.079295 | lr 3.70e-05 | 2.2 steps/s | epoch 24
  saved checkpoint: /home/aditya/bude_vla/checkpoints/pick_v4_25k/pick_v4_25k_step_019500.pt
step  19600 | loss 0.077616 | lr 3.59e-05 | 2.2 steps/s | epoch 24
step  19700 | loss 0.078134 | lr 3.47e-05 | 2.2 steps/s | epoch 24
step  19800 | loss 0.080330 | lr 3.36e-05 | 2.2 steps/s | epoch 24
step  19900 | loss 0.075268 | lr 3.24e-05 | 2.2 steps/s | epoch 24
step  20000 | loss 0.080785 | lr 3.13e-05 | 2.2 steps/s | epoch 25
  saved checkpoint: /home/aditya/bude_vla/checkpoints/pick_v4_25k/pick_v4_25k_step_020000.pt
step  20100 | loss 0.075233 | lr 3.02e-05 | 2.2 steps/s | epoch 25
step  20200 | loss 0.075676 | lr 2.92e-05 | 2.2 steps/s | epoch 25
step  20300 | loss 0.079352 | lr 2.81e-05 | 2.2 steps/s | epoch 25
step  20400 | loss 0.078338 | lr 2.71e-05 | 2.2 steps/s | epoch 25
step  20500 | loss 0.078915 | lr 2.61e-05 | 2.2 steps/s | epoch 25
  saved checkpoint: /home/aditya/bude_vla/checkpoints/pick_v4_25k/pick_v4_25k_step_020500.pt
step  20600 | loss 0.083800 | lr 2.51e-05 | 2.2 steps/s | epoch 25
step  20700 | loss 0.075594 | lr 2.41e-05 | 2.2 steps/s | epoch 25
step  20800 | loss 0.074602 | lr 2.32e-05 | 2.2 steps/s | epoch 26
step  20900 | loss 0.078219 | lr 2.23e-05 | 2.2 steps/s | epoch 26
step  21000 | loss 0.077187 | lr 2.14e-05 | 2.2 steps/s | epoch 26
  saved checkpoint: /home/aditya/bude_vla/checkpoints/pick_v4_25k/pick_v4_25k_step_021000.pt
step  21100 | loss 0.079808 | lr 2.05e-05 | 2.2 steps/s | epoch 26
step  21200 | loss 0.075548 | lr 1.96e-05 | 2.2 steps/s | epoch 26
step  21300 | loss 0.071967 | lr 1.87e-05 | 2.2 steps/s | epoch 26
step  21400 | loss 0.071141 | lr 1.79e-05 | 2.2 steps/s | epoch 26
step  21500 | loss 0.075561 | lr 1.71e-05 | 2.2 steps/s | epoch 26
  saved checkpoint: /home/aditya/bude_vla/checkpoints/pick_v4_25k/pick_v4_25k_step_021500.pt
step  21600 | loss 0.071562 | lr 1.63e-05 | 2.2 steps/s | epoch 27
step  21700 | loss 0.072247 | lr 1.56e-05 | 2.2 steps/s | epoch 27
step  21800 | loss 0.071560 | lr 1.48e-05 | 2.2 steps/s | epoch 27
step  21900 | loss 0.074496 | lr 1.41e-05 | 2.2 steps/s | epoch 27
step  22000 | loss 0.074667 | lr 1.34e-05 | 2.2 steps/s | epoch 27
  saved checkpoint: /home/aditya/bude_vla/checkpoints/pick_v4_25k/pick_v4_25k_step_022000.pt
step  22100 | loss 0.074957 | lr 1.27e-05 | 2.2 steps/s | epoch 27
step  22200 | loss 0.071517 | lr 1.21e-05 | 2.2 steps/s | epoch 27
step  22300 | loss 0.071056 | lr 1.15e-05 | 2.2 steps/s | epoch 28
step  22400 | loss 0.071283 | lr 1.08e-05 | 2.2 steps/s | epoch 28
step  22500 | loss 0.071497 | lr 1.03e-05 | 2.2 steps/s | epoch 28
  saved checkpoint: /home/aditya/bude_vla/checkpoints/pick_v4_25k/pick_v4_25k_step_022500.pt
step  22600 | loss 0.078191 | lr 9.70e-06 | 2.2 steps/s | epoch 28
step  22700 | loss 0.069042 | lr 9.15e-06 | 2.2 steps/s | epoch 28
step  22800 | loss 0.076089 | lr 8.63e-06 | 2.2 steps/s | epoch 28
step  22900 | loss 0.073443 | lr 8.14e-06 | 2.2 steps/s | epoch 28
step  23000 | loss 0.072101 | lr 7.66e-06 | 2.2 steps/s | epoch 28
  saved checkpoint: /home/aditya/bude_vla/checkpoints/pick_v4_25k/pick_v4_25k_step_023000.pt
step  23100 | loss 0.074615 | lr 7.21e-06 | 2.2 steps/s | epoch 29
step  23200 | loss 0.073517 | lr 6.78e-06 | 2.2 steps/s | epoch 29
step  23300 | loss 0.074547 | lr 6.37e-06 | 2.2 steps/s | epoch 29
step  23400 | loss 0.068842 | lr 5.99e-06 | 2.2 steps/s | epoch 29
step  23500 | loss 0.074987 | lr 5.63e-06 | 2.2 steps/s | epoch 29
  saved checkpoint: /home/aditya/bude_vla/checkpoints/pick_v4_25k/pick_v4_25k_step_023500.pt
step  23600 | loss 0.072399 | lr 5.29e-06 | 2.2 steps/s | epoch 29
step  23700 | loss 0.072499 | lr 4.98e-06 | 2.2 steps/s | epoch 29
step  23800 | loss 0.079214 | lr 4.68e-06 | 2.2 steps/s | epoch 29
step  23900 | loss 0.069692 | lr 4.42e-06 | 2.2 steps/s | epoch 30
step  24000 | loss 0.072439 | lr 4.17e-06 | 2.2 steps/s | epoch 30
  saved checkpoint: /home/aditya/bude_vla/checkpoints/pick_v4_25k/pick_v4_25k_step_024000.pt
step  24100 | loss 0.068609 | lr 3.95e-06 | 2.2 steps/s | epoch 30
step  24200 | loss 0.068917 | lr 3.75e-06 | 2.2 steps/s | epoch 30
step  24300 | loss 0.076431 | lr 3.57e-06 | 2.2 steps/s | epoch 30
step  24400 | loss 0.077408 | lr 3.42e-06 | 2.2 steps/s | epoch 30
step  24500 | loss 0.070231 | lr 3.29e-06 | 2.2 steps/s | epoch 30
  saved checkpoint: /home/aditya/bude_vla/checkpoints/pick_v4_25k/pick_v4_25k_step_024500.pt
step  24600 | loss 0.069924 | lr 3.19e-06 | 2.2 steps/s | epoch 30
step  24700 | loss 0.072767 | lr 3.11e-06 | 2.2 steps/s | epoch 31
step  24800 | loss 0.069504 | lr 3.05e-06 | 2.2 steps/s | epoch 31
step  24900 | loss 0.072667 | lr 3.01e-06 | 2.2 steps/s | epoch 31
step  25000 | loss 0.071747 | lr 3.00e-06 | 2.2 steps/s | epoch 31
  saved checkpoint: /home/aditya/bude_vla/checkpoints/pick_v4_25k/pick_v4_25k_step_025000.pt
Training done in 11269s. Final checkpoint: /home/aditya/bude_vla/checkpoints/pick_v4_25k/pick_v4_25k_final.pt
