Training on cuda
/home/aditya/bude_vla/src/bude_vla/models/text_encoder.py:127: UserWarning: enable_nested_tensor is True, but self.use_nested_tensor is False because encoder_layer.norm_first was True
  self.transformer = nn.TransformerEncoder(layer, num_layers=depth)
/home/aditya/bude_vla/src/bude_vla/models/action_head.py:80: UserWarning: enable_nested_tensor is True, but self.use_nested_tensor is False because encoder_layer.norm_first was True
  self.temporal = nn.TransformerEncoder(
Model parameters: 19,296,344
  vision: 3,906,880
  text: 3,290,624
  proprio: 1,804
  soft_prompts: 49,152
  backbone: 6,318,080
  action_head: 5,729,804
  total: 19,296,344
  loaded 135483 frames from /home/aditya/bude_vla/data/pick_v7
  total frames: 135483, batches/epoch: 4233, history_frames: 1
  action_norm lo=[-0.4911216  -0.76121104 -1.2978902 ]  hi=[0.21848157 0.8869459  0.99108195]
/home/aditya/bude_vla/scripts/train.py:172: UserWarning: Detected call of `lr_scheduler.step()` before `optimizer.step()`. In PyTorch 1.1.0 and later, you should call them in the opposite order: `optimizer.step()` before `lr_scheduler.step()`.  Failure to do this will result in PyTorch skipping the first value of the learning rate schedule. See more details at https://pytorch.org/docs/stable/optim.html#how-to-adjust-learning-rate
  scheduler.step()
  resumed from step 20000, loss_hist entries=200
step  20100 | loss 3469.090524 | lr 2.28e-04 | 2673.6 steps/s | epoch 0
step  20200 | loss 1391.635577 | lr 2.28e-04 | 1385.1 steps/s | epoch 0
