Training on cuda
Warning: You are sending unauthenticated requests to the HF Hub. Please set a HF_TOKEN to enable higher rate limits and faster downloads.
Loading weights:   0%|          | 0/103 [00:00<?, ?it/s]Loading weights: 100%|██████████| 103/103 [00:00<00:00, 5184.93it/s]
/home/aditya/bude_vla/src/bude_vla/models/action_head.py:80: UserWarning: enable_nested_tensor is True, but self.use_nested_tensor is False because encoder_layer.norm_first was True
  self.temporal = nn.TransformerEncoder(
Model parameters: 57,317,918
  vision: 22,404,736
  text: 22,811,776
  proprio: 2,320
  soft_prompts: 49,152
  backbone: 6,318,080
  action_head: 5,731,854
  total: 57,317,918
  loaded 24921 frames from /home/aditya/bude_vla/data/pick_v3_224_6ch_v4
  total frames: 24921, batches/epoch: 778, history_frames: 2
  action_norm lo=[-0.5992828  -0.97112006 -0.49136448]  hi=[0.2727458  0.41297784 1.3588737 ]
step    100 | loss 0.917840 | lr 3.00e-04 | 1.1 steps/s | epoch 0
step    200 | loss 0.462803 | lr 3.00e-04 | 1.1 steps/s | epoch 0
step    300 | loss 0.406165 | lr 3.00e-04 | 1.1 steps/s | epoch 0
step    400 | loss 0.371336 | lr 3.00e-04 | 1.1 steps/s | epoch 0
step    500 | loss 0.342584 | lr 3.00e-04 | 1.1 steps/s | epoch 0
step    600 | loss 0.320094 | lr 3.00e-04 | 1.1 steps/s | epoch 0
step    700 | loss 0.291736 | lr 2.99e-04 | 1.1 steps/s | epoch 0
step    800 | loss 0.287838 | lr 2.99e-04 | 1.1 steps/s | epoch 1
Training on cuda
Warning: You are sending unauthenticated requests to the HF Hub. Please set a HF_TOKEN to enable higher rate limits and faster downloads.
Loading weights:   0%|          | 0/103 [00:00<?, ?it/s]Loading weights: 100%|██████████| 103/103 [00:00<00:00, 4095.30it/s]
/home/aditya/bude_vla/src/bude_vla/models/action_head.py:80: UserWarning: enable_nested_tensor is True, but self.use_nested_tensor is False because encoder_layer.norm_first was True
  self.temporal = nn.TransformerEncoder(
Model parameters: 57,317,918
  vision: 22,404,736
  text: 22,811,776
  proprio: 2,320
  soft_prompts: 49,152
  backbone: 6,318,080
  action_head: 5,731,854
  total: 57,317,918
  loaded 24921 frames from /home/aditya/bude_vla/data/pick_v3_224_6ch_v4
  total frames: 24921, batches/epoch: 1557, history_frames: 2
  action_norm lo=[-0.5992828  -0.97112006 -0.49136448]  hi=[0.2727458  0.41297784 1.3588737 ]
step    100 | loss 0.983824 | lr 3.00e-04 | 2.2 steps/s | epoch 0
Training on cuda
Warning: You are sending unauthenticated requests to the HF Hub. Please set a HF_TOKEN to enable higher rate limits and faster downloads.
Loading weights:   0%|          | 0/103 [00:00<?, ?it/s]Loading weights: 100%|██████████| 103/103 [00:00<00:00, 4698.25it/s]
/home/aditya/bude_vla/src/bude_vla/models/action_head.py:80: UserWarning: enable_nested_tensor is True, but self.use_nested_tensor is False because encoder_layer.norm_first was True
  self.temporal = nn.TransformerEncoder(
Model parameters: 57,317,918
  vision: 22,404,736
  text: 22,811,776
  proprio: 2,320
  soft_prompts: 49,152
  backbone: 6,318,080
  action_head: 5,731,854
  total: 57,317,918
  loaded 24921 frames from /home/aditya/bude_vla/data/pick_v3_224_6ch_v4
  total frames: 24921, batches/epoch: 3115, history_frames: 2
  action_norm lo=[-0.5992828  -0.97112006 -0.49136448]  hi=[0.2727458  0.41297784 1.3588737 ]
step    100 | loss 1.135898 | lr 3.00e-04 | 4.3 steps/s | epoch 0
step    200 | loss 0.627030 | lr 3.00e-04 | 4.4 steps/s | epoch 0
step    300 | loss 0.534273 | lr 3.00e-04 | 4.4 steps/s | epoch 0
step    400 | loss 0.551952 | lr 3.00e-04 | 4.4 steps/s | epoch 0
step    500 | loss 0.517972 | lr 3.00e-04 | 4.4 steps/s | epoch 0
  saved checkpoint: /home/aditya/bude_vla/checkpoints/pick_v4_25k/pick_v4_25k_step_000500.pt
step    600 | loss 0.460657 | lr 3.00e-04 | 4.4 steps/s | epoch 0
