Training on cuda
/home/aditya/bude_vla/src/bude_vla/models/text_encoder.py:127: UserWarning: enable_nested_tensor is True, but self.use_nested_tensor is False because encoder_layer.norm_first was True
  self.transformer = nn.TransformerEncoder(layer, num_layers=depth)
/home/aditya/bude_vla/src/bude_vla/models/action_head.py:80: UserWarning: enable_nested_tensor is True, but self.use_nested_tensor is False because encoder_layer.norm_first was True
  self.temporal = nn.TransformerEncoder(
Model parameters: 19,296,344
  vision: 3,906,880
  text: 3,290,624
  proprio: 1,804
  soft_prompts: 49,152
  backbone: 6,318,080
  action_head: 5,729,804
  total: 19,296,344
  loaded 135483 frames from /home/aditya/bude_vla/data/pick_v7
  total frames: 135483, batches/epoch: 4233, history_frames: 1
  action_norm lo=[-0.4911216  -0.76121104 -1.2978902 ]  hi=[0.21848157 0.8869459  0.99108195]
step    100 | loss 3269.738524 | lr 3.00e-04 | 14.9 steps/s | epoch 0
step    200 | loss 5232.295163 | lr 3.00e-04 | 15.2 steps/s | epoch 0
step    300 | loss 1434.398459 | lr 3.00e-04 | 15.4 steps/s | epoch 0
step    400 | loss 5083.193233 | lr 3.00e-04 | 15.4 steps/s | epoch 0
step    500 | loss 37874.718986 | lr 3.00e-04 | 15.4 steps/s | epoch 0
step    600 | loss 3521.832382 | lr 3.00e-04 | 15.5 steps/s | epoch 0
step    700 | loss 2659.006230 | lr 3.00e-04 | 15.6 steps/s | epoch 0
step    800 | loss 5711.624478 | lr 3.00e-04 | 15.6 steps/s | epoch 0
step    900 | loss 560.568747 | lr 3.00e-04 | 15.7 steps/s | epoch 0
step   1000 | loss 10400.439122 | lr 3.00e-04 | 15.7 steps/s | epoch 0
step   1100 | loss 8918.170747 | lr 3.00e-04 | 15.7 steps/s | epoch 0
step   1200 | loss 8898.621416 | lr 3.00e-04 | 15.7 steps/s | epoch 0
step   1300 | loss 1895.831839 | lr 3.00e-04 | 15.7 steps/s | epoch 0
step   1400 | loss 1718.991922 | lr 2.99e-04 | 15.8 steps/s | epoch 0
step   1500 | loss 1050.248214 | lr 2.99e-04 | 15.8 steps/s | epoch 0
step   1600 | loss 1807.408407 | lr 2.99e-04 | 15.8 steps/s | epoch 0
step   1700 | loss 2149.060971 | lr 2.99e-04 | 15.8 steps/s | epoch 0
step   1800 | loss 1483.304658 | lr 2.99e-04 | 15.8 steps/s | epoch 0
step   1900 | loss 1039.713920 | lr 2.99e-04 | 15.8 steps/s | epoch 0
step   2000 | loss 418.779749 | lr 2.99e-04 | 15.8 steps/s | epoch 0
step   2100 | loss 44790.468457 | lr 2.99e-04 | 15.8 steps/s | epoch 0
step   2200 | loss 915.186060 | lr 2.99e-04 | 15.8 steps/s | epoch 0
step   2300 | loss 3838.940973 | lr 2.98e-04 | 15.8 steps/s | epoch 0
step   2400 | loss 5598.329309 | lr 2.98e-04 | 15.8 steps/s | epoch 0
step   2500 | loss 12016.868608 | lr 2.98e-04 | 15.8 steps/s | epoch 0
step   2600 | loss 1322.802480 | lr 2.98e-04 | 15.8 steps/s | epoch 0
step   2700 | loss 2107.483717 | lr 2.98e-04 | 15.8 steps/s | epoch 0
step   2800 | loss 4611.785545 | lr 2.98e-04 | 15.8 steps/s | epoch 0
step   2900 | loss 3954.365600 | lr 2.98e-04 | 15.7 steps/s | epoch 0
step   3000 | loss 70279.857872 | lr 2.97e-04 | 15.7 steps/s | epoch 0
step   3100 | loss 5522.343910 | lr 2.97e-04 | 15.7 steps/s | epoch 0
step   3200 | loss 4061.647025 | lr 2.97e-04 | 15.7 steps/s | epoch 0
step   3300 | loss 7117.014024 | lr 2.97e-04 | 15.6 steps/s | epoch 0
step   3400 | loss 7789.053139 | lr 2.97e-04 | 15.6 steps/s | epoch 0
step   3500 | loss 2771.555318 | lr 2.96e-04 | 15.6 steps/s | epoch 0
step   3600 | loss 493.196009 | lr 2.96e-04 | 15.6 steps/s | epoch 0
step   3700 | loss 402.136077 | lr 2.96e-04 | 15.6 steps/s | epoch 0
step   3800 | loss 1058.330234 | lr 2.96e-04 | 15.6 steps/s | epoch 0
step   3900 | loss 765.819766 | lr 2.96e-04 | 15.6 steps/s | epoch 0
step   4000 | loss 542.609241 | lr 2.95e-04 | 15.6 steps/s | epoch 0
step   4100 | loss 49406.250374 | lr 2.95e-04 | 15.6 steps/s | epoch 0
step   4200 | loss 1072.372129 | lr 2.95e-04 | 15.6 steps/s | epoch 0
step   4300 | loss 142.252641 | lr 2.95e-04 | 15.6 steps/s | epoch 1
step   4400 | loss 3446.743865 | lr 2.94e-04 | 15.6 steps/s | epoch 1
step   4500 | loss 53169.924753 | lr 2.94e-04 | 15.6 steps/s | epoch 1
step   4600 | loss 1284.995425 | lr 2.94e-04 | 15.6 steps/s | epoch 1
step   4700 | loss 13334.551195 | lr 2.94e-04 | 15.6 steps/s | epoch 1
step   4800 | loss 2588.904733 | lr 2.93e-04 | 15.6 steps/s | epoch 1
step   4900 | loss 1204.876469 | lr 2.93e-04 | 15.6 steps/s | epoch 1
step   5000 | loss 838.419771 | lr 2.93e-04 | 15.6 steps/s | epoch 1
  saved checkpoint: /home/aditya/bude_vla/checkpoints/pick_v7/pick_v7_step_005000.pt
step   5100 | loss 1513.907148 | lr 2.92e-04 | 15.6 steps/s | epoch 1
step   5200 | loss 5563.939643 | lr 2.92e-04 | 15.6 steps/s | epoch 1
step   5300 | loss 3598.985926 | lr 2.92e-04 | 15.6 steps/s | epoch 1
step   5400 | loss 4584.348877 | lr 2.92e-04 | 15.5 steps/s | epoch 1
step   5500 | loss 2285.956353 | lr 2.91e-04 | 15.5 steps/s | epoch 1
step   5600 | loss 1633.406335 | lr 2.91e-04 | 15.5 steps/s | epoch 1
step   5700 | loss 1518.297109 | lr 2.91e-04 | 15.5 steps/s | epoch 1
step   5800 | loss 993.058061 | lr 2.90e-04 | 15.5 steps/s | epoch 1
step   5900 | loss 14368.932046 | lr 2.90e-04 | 15.5 steps/s | epoch 1
step   6000 | loss 6735.483684 | lr 2.90e-04 | 15.5 steps/s | epoch 1
step   6100 | loss 13876.655575 | lr 2.89e-04 | 15.5 steps/s | epoch 1
step   6200 | loss 4078.295118 | lr 2.89e-04 | 15.5 steps/s | epoch 1
step   6300 | loss 3393.050373 | lr 2.89e-04 | 15.5 steps/s | epoch 1
step   6400 | loss 3157.840186 | lr 2.88e-04 | 15.5 steps/s | epoch 1
step   6500 | loss 3037.051420 | lr 2.88e-04 | 15.5 steps/s | epoch 1
step   6600 | loss 1330.478177 | lr 2.87e-04 | 15.5 steps/s | epoch 1
step   6700 | loss 930.258860 | lr 2.87e-04 | 15.5 steps/s | epoch 1
step   6800 | loss 6488.045057 | lr 2.87e-04 | 15.5 steps/s | epoch 1
step   6900 | loss 4794.321656 | lr 2.86e-04 | 15.5 steps/s | epoch 1
step   7000 | loss 802.402370 | lr 2.86e-04 | 15.5 steps/s | epoch 1
step   7100 | loss 4278.103361 | lr 2.85e-04 | 15.5 steps/s | epoch 1
step   7200 | loss 528.359637 | lr 2.85e-04 | 15.5 steps/s | epoch 1
step   7300 | loss 3304.169448 | lr 2.85e-04 | 15.5 steps/s | epoch 1
step   7400 | loss 3706.203913 | lr 2.84e-04 | 15.5 steps/s | epoch 1
step   7500 | loss 170.379828 | lr 2.84e-04 | 15.5 steps/s | epoch 1
step   7600 | loss 646.448051 | lr 2.83e-04 | 15.5 steps/s | epoch 1
step   7700 | loss 1331.183138 | lr 2.83e-04 | 15.5 steps/s | epoch 1
step   7800 | loss 4549.160880 | lr 2.83e-04 | 15.5 steps/s | epoch 1
step   7900 | loss 143.695803 | lr 2.82e-04 | 15.5 steps/s | epoch 1
step   8000 | loss 2462.008352 | lr 2.82e-04 | 15.5 steps/s | epoch 1
step   8100 | loss 2981.346920 | lr 2.81e-04 | 15.5 steps/s | epoch 1
step   8200 | loss 4499.317478 | lr 2.81e-04 | 15.5 steps/s | epoch 1
step   8300 | loss 2996.055547 | lr 2.80e-04 | 15.5 steps/s | epoch 1
step   8400 | loss 3428.700787 | lr 2.80e-04 | 15.5 steps/s | epoch 1
step   8500 | loss 1767.492508 | lr 2.79e-04 | 15.5 steps/s | epoch 2
step   8600 | loss 4256.595202 | lr 2.79e-04 | 15.5 steps/s | epoch 2
step   8700 | loss 1420.326903 | lr 2.78e-04 | 15.5 steps/s | epoch 2
step   8800 | loss 1967.063886 | lr 2.78e-04 | 15.5 steps/s | epoch 2
step   8900 | loss 3470.092373 | lr 2.77e-04 | 15.5 steps/s | epoch 2
step   9000 | loss 916.051753 | lr 2.77e-04 | 15.5 steps/s | epoch 2
step   9100 | loss 180.843748 | lr 2.76e-04 | 15.5 steps/s | epoch 2
step   9200 | loss 7957.199100 | lr 2.76e-04 | 15.5 steps/s | epoch 2
step   9300 | loss 650.030146 | lr 2.75e-04 | 15.5 steps/s | epoch 2
step   9400 | loss 1427.380220 | lr 2.75e-04 | 15.5 steps/s | epoch 2
step   9500 | loss 1711.126309 | lr 2.74e-04 | 15.5 steps/s | epoch 2
step   9600 | loss 8284.144249 | lr 2.74e-04 | 15.5 steps/s | epoch 2
step   9700 | loss 3937.431299 | lr 2.73e-04 | 15.5 steps/s | epoch 2
step   9800 | loss 1157.887383 | lr 2.73e-04 | 15.5 steps/s | epoch 2
step   9900 | loss 2503.307803 | lr 2.72e-04 | 15.5 steps/s | epoch 2
step  10000 | loss 7109.427246 | lr 2.72e-04 | 15.5 steps/s | epoch 2
  saved checkpoint: /home/aditya/bude_vla/checkpoints/pick_v7/pick_v7_step_010000.pt
step  10100 | loss 2621.973224 | lr 2.71e-04 | 15.5 steps/s | epoch 2
step  10200 | loss 1002.650574 | lr 2.71e-04 | 15.5 steps/s | epoch 2
step  10300 | loss 3902.716726 | lr 2.70e-04 | 15.5 steps/s | epoch 2
step  10400 | loss 908.845364 | lr 2.69e-04 | 15.5 steps/s | epoch 2
step  10500 | loss 1268.218768 | lr 2.69e-04 | 15.5 steps/s | epoch 2
step  10600 | loss 6989.925454 | lr 2.68e-04 | 15.5 steps/s | epoch 2
step  10700 | loss 412.573615 | lr 2.68e-04 | 15.5 steps/s | epoch 2
step  10800 | loss 1551.283837 | lr 2.67e-04 | 15.5 steps/s | epoch 2
step  10900 | loss 2073.319156 | lr 2.67e-04 | 15.5 steps/s | epoch 2
step  11000 | loss 907.821493 | lr 2.66e-04 | 15.5 steps/s | epoch 2
step  11100 | loss 2279.396375 | lr 2.65e-04 | 15.5 steps/s | epoch 2
step  11200 | loss 5485.605046 | lr 2.65e-04 | 15.5 steps/s | epoch 2
step  11300 | loss 6071.912893 | lr 2.64e-04 | 15.5 steps/s | epoch 2
step  11400 | loss 467.496319 | lr 2.64e-04 | 15.5 steps/s | epoch 2
step  11500 | loss 4309.644996 | lr 2.63e-04 | 15.5 steps/s | epoch 2
step  11600 | loss 2667.610879 | lr 2.62e-04 | 15.5 steps/s | epoch 2
step  11700 | loss 4210.394958 | lr 2.62e-04 | 15.5 steps/s | epoch 2
step  11800 | loss 1569.909177 | lr 2.61e-04 | 15.5 steps/s | epoch 2
step  11900 | loss 3395.525910 | lr 2.60e-04 | 15.5 steps/s | epoch 2
step  12000 | loss 3824.912521 | lr 2.60e-04 | 15.5 steps/s | epoch 2
step  12100 | loss 10481.158269 | lr 2.59e-04 | 15.5 steps/s | epoch 2
step  12200 | loss 14605.351353 | lr 2.58e-04 | 15.5 steps/s | epoch 2
step  12300 | loss 12902.279346 | lr 2.58e-04 | 15.5 steps/s | epoch 2
step  12400 | loss 1390.623305 | lr 2.57e-04 | 15.5 steps/s | epoch 2
step  12500 | loss 125.366093 | lr 2.57e-04 | 15.5 steps/s | epoch 2
step  12600 | loss 1043.549878 | lr 2.56e-04 | 15.5 steps/s | epoch 2
step  12700 | loss 713.074109 | lr 2.55e-04 | 15.5 steps/s | epoch 3
step  12800 | loss 1950.008564 | lr 2.55e-04 | 15.5 steps/s | epoch 3
step  12900 | loss 6609.103152 | lr 2.54e-04 | 15.5 steps/s | epoch 3
step  13000 | loss 168.601384 | lr 2.53e-04 | 15.5 steps/s | epoch 3
step  13100 | loss 1840.105593 | lr 2.52e-04 | 15.5 steps/s | epoch 3
step  13200 | loss 2539.453869 | lr 2.52e-04 | 15.5 steps/s | epoch 3
step  13300 | loss 686.660959 | lr 2.51e-04 | 15.5 steps/s | epoch 3
step  13400 | loss 1161.988638 | lr 2.50e-04 | 15.5 steps/s | epoch 3
step  13500 | loss 680.217318 | lr 2.50e-04 | 15.5 steps/s | epoch 3
step  13600 | loss 5509.527823 | lr 2.49e-04 | 15.5 steps/s | epoch 3
step  13700 | loss 143.884516 | lr 2.48e-04 | 15.5 steps/s | epoch 3
step  13800 | loss 2144.824898 | lr 2.48e-04 | 15.5 steps/s | epoch 3
step  13900 | loss 564.840366 | lr 2.47e-04 | 15.5 steps/s | epoch 3
step  14000 | loss 1066.738010 | lr 2.46e-04 | 15.5 steps/s | epoch 3
step  14100 | loss 309.250821 | lr 2.45e-04 | 15.5 steps/s | epoch 3
step  14200 | loss 2259.809495 | lr 2.45e-04 | 15.5 steps/s | epoch 3
step  14300 | loss 1711.958596 | lr 2.44e-04 | 15.5 steps/s | epoch 3
step  14400 | loss 2770.549909 | lr 2.43e-04 | 15.5 steps/s | epoch 3
step  14500 | loss 11579.966185 | lr 2.43e-04 | 15.5 steps/s | epoch 3
step  14600 | loss 553.850563 | lr 2.42e-04 | 15.5 steps/s | epoch 3
step  14700 | loss 899.788540 | lr 2.41e-04 | 15.5 steps/s | epoch 3
step  14800 | loss 2866.547273 | lr 2.40e-04 | 15.5 steps/s | epoch 3
step  14900 | loss 3603.521683 | lr 2.40e-04 | 15.5 steps/s | epoch 3
step  15000 | loss 2093.778811 | lr 2.39e-04 | 15.5 steps/s | epoch 3
  saved checkpoint: /home/aditya/bude_vla/checkpoints/pick_v7/pick_v7_step_015000.pt
step  15100 | loss 1405.596328 | lr 2.38e-04 | 15.5 steps/s | epoch 3
step  15200 | loss 3135.944892 | lr 2.37e-04 | 15.5 steps/s | epoch 3
step  15300 | loss 742.015527 | lr 2.37e-04 | 15.5 steps/s | epoch 3
step  15400 | loss 1361.367467 | lr 2.36e-04 | 15.5 steps/s | epoch 3
step  15500 | loss 1153.076083 | lr 2.35e-04 | 15.5 steps/s | epoch 3
step  15600 | loss 3516.609773 | lr 2.34e-04 | 15.5 steps/s | epoch 3
step  15700 | loss 2071.468592 | lr 2.33e-04 | 15.5 steps/s | epoch 3
step  15800 | loss 577.738938 | lr 2.33e-04 | 15.5 steps/s | epoch 3
step  15900 | loss 2854.642268 | lr 2.32e-04 | 15.5 steps/s | epoch 3
step  16000 | loss 4485.666426 | lr 2.31e-04 | 15.5 steps/s | epoch 3
step  16100 | loss 32.517588 | lr 2.30e-04 | 15.5 steps/s | epoch 3
step  16200 | loss 382.007877 | lr 2.29e-04 | 15.5 steps/s | epoch 3
step  16300 | loss 10522.402757 | lr 2.29e-04 | 15.5 steps/s | epoch 3
step  16400 | loss 958.149477 | lr 2.28e-04 | 15.5 steps/s | epoch 3
step  16500 | loss 476.906724 | lr 2.27e-04 | 15.5 steps/s | epoch 3
step  16600 | loss 7216.714043 | lr 2.26e-04 | 15.5 steps/s | epoch 3
step  16700 | loss 537.022057 | lr 2.25e-04 | 15.5 steps/s | epoch 3
step  16800 | loss 876.586118 | lr 2.25e-04 | 15.5 steps/s | epoch 3
step  16900 | loss 2684.660523 | lr 2.24e-04 | 15.5 steps/s | epoch 3
step  17000 | loss 2400.791376 | lr 2.23e-04 | 15.5 steps/s | epoch 4
step  17100 | loss 1050.025124 | lr 2.22e-04 | 15.5 steps/s | epoch 4
step  17200 | loss 1529.290997 | lr 2.21e-04 | 15.5 steps/s | epoch 4
step  17300 | loss 207.542520 | lr 2.21e-04 | 15.5 steps/s | epoch 4
step  17400 | loss 1039.373038 | lr 2.20e-04 | 15.5 steps/s | epoch 4
step  17500 | loss 3310.361573 | lr 2.19e-04 | 15.5 steps/s | epoch 4
step  17600 | loss 6017.919918 | lr 2.18e-04 | 15.5 steps/s | epoch 4
step  17700 | loss 946.788039 | lr 2.17e-04 | 15.5 steps/s | epoch 4
step  17800 | loss 4211.408660 | lr 2.16e-04 | 15.5 steps/s | epoch 4
step  17900 | loss 1638.758784 | lr 2.16e-04 | 15.5 steps/s | epoch 4
step  18000 | loss 1448.775585 | lr 2.15e-04 | 15.5 steps/s | epoch 4
step  18100 | loss 2320.924769 | lr 2.14e-04 | 15.5 steps/s | epoch 4
step  18200 | loss 4437.249988 | lr 2.13e-04 | 15.5 steps/s | epoch 4
step  18300 | loss 5419.561260 | lr 2.12e-04 | 15.5 steps/s | epoch 4
step  18400 | loss 1299.489178 | lr 2.11e-04 | 15.5 steps/s | epoch 4
step  18500 | loss 761.916047 | lr 2.10e-04 | 15.5 steps/s | epoch 4
step  18600 | loss 5522.624518 | lr 2.10e-04 | 15.5 steps/s | epoch 4
step  18700 | loss 1327.531208 | lr 2.09e-04 | 15.5 steps/s | epoch 4
step  18800 | loss 2024.948763 | lr 2.08e-04 | 15.5 steps/s | epoch 4
step  18900 | loss 303.333865 | lr 2.07e-04 | 15.5 steps/s | epoch 4
step  19000 | loss 395.192604 | lr 2.06e-04 | 15.5 steps/s | epoch 4
step  19100 | loss 0.063449 | lr 2.05e-04 | 15.5 steps/s | epoch 4
step  19200 | loss 1955.963722 | lr 2.04e-04 | 15.5 steps/s | epoch 4
step  19300 | loss 164.531009 | lr 2.04e-04 | 15.5 steps/s | epoch 4
step  19400 | loss 3012.025929 | lr 2.03e-04 | 15.5 steps/s | epoch 4
step  19500 | loss 5069.891617 | lr 2.02e-04 | 15.5 steps/s | epoch 4
step  19600 | loss 1160.404411 | lr 2.01e-04 | 15.5 steps/s | epoch 4
step  19700 | loss 1509.733612 | lr 2.00e-04 | 15.5 steps/s | epoch 4
step  19800 | loss 1982.152126 | lr 1.99e-04 | 15.5 steps/s | epoch 4
step  19900 | loss 1884.049702 | lr 1.98e-04 | 15.5 steps/s | epoch 4
step  20000 | loss 1963.515057 | lr 1.97e-04 | 15.5 steps/s | epoch 4
  saved checkpoint: /home/aditya/bude_vla/checkpoints/pick_v7/pick_v7_step_020000.pt
step  20100 | loss 599.195965 | lr 1.97e-04 | 15.5 steps/s | epoch 4
step  20200 | loss 786.577940 | lr 1.96e-04 | 15.5 steps/s | epoch 4
step  20300 | loss 7272.793926 | lr 1.95e-04 | 15.5 steps/s | epoch 4
step  20400 | loss 12997.010042 | lr 1.94e-04 | 15.5 steps/s | epoch 4
step  20500 | loss 12334.118402 | lr 1.93e-04 | 15.5 steps/s | epoch 4
step  20600 | loss 2528.268617 | lr 1.92e-04 | 15.5 steps/s | epoch 4
step  20700 | loss 14230.222399 | lr 1.91e-04 | 15.5 steps/s | epoch 4
step  20800 | loss 1310.527736 | lr 1.90e-04 | 15.5 steps/s | epoch 4
step  20900 | loss 10184.698138 | lr 1.89e-04 | 15.5 steps/s | epoch 4
step  21000 | loss 3998.572413 | lr 1.88e-04 | 15.5 steps/s | epoch 4
step  21100 | loss 3356.892473 | lr 1.88e-04 | 15.5 steps/s | epoch 4
step  21200 | loss 1475.892686 | lr 1.87e-04 | 15.5 steps/s | epoch 5
step  21300 | loss 943.324543 | lr 1.86e-04 | 15.5 steps/s | epoch 5
step  21400 | loss 3239.522369 | lr 1.85e-04 | 15.5 steps/s | epoch 5
step  21500 | loss 2946.463005 | lr 1.84e-04 | 15.5 steps/s | epoch 5
step  21600 | loss 2478.511807 | lr 1.83e-04 | 15.5 steps/s | epoch 5
step  21700 | loss 6931.043140 | lr 1.82e-04 | 15.5 steps/s | epoch 5
step  21800 | loss 7535.473302 | lr 1.81e-04 | 15.5 steps/s | epoch 5
step  21900 | loss 2978.522210 | lr 1.80e-04 | 15.5 steps/s | epoch 5
step  22000 | loss 1962.972112 | lr 1.79e-04 | 15.5 steps/s | epoch 5
step  22100 | loss 1550.500349 | lr 1.78e-04 | 15.5 steps/s | epoch 5
step  22200 | loss 12456.169879 | lr 1.77e-04 | 15.5 steps/s | epoch 5
step  22300 | loss 2927.188551 | lr 1.77e-04 | 15.5 steps/s | epoch 5
step  22400 | loss 367.645434 | lr 1.76e-04 | 15.5 steps/s | epoch 5
step  22500 | loss 1049.437281 | lr 1.75e-04 | 15.5 steps/s | epoch 5
step  22600 | loss 3464.380906 | lr 1.74e-04 | 15.5 steps/s | epoch 5
step  22700 | loss 2766.605306 | lr 1.73e-04 | 15.5 steps/s | epoch 5
step  22800 | loss 2945.068559 | lr 1.72e-04 | 15.5 steps/s | epoch 5
step  22900 | loss 1806.224153 | lr 1.71e-04 | 15.5 steps/s | epoch 5
step  23000 | loss 1833.894199 | lr 1.70e-04 | 15.5 steps/s | epoch 5
step  23100 | loss 953.152795 | lr 1.69e-04 | 15.5 steps/s | epoch 5
step  23200 | loss 1172.444539 | lr 1.68e-04 | 15.5 steps/s | epoch 5
step  23300 | loss 949.807488 | lr 1.67e-04 | 15.5 steps/s | epoch 5
step  23400 | loss 573.365253 | lr 1.66e-04 | 15.5 steps/s | epoch 5
step  23500 | loss 2051.437542 | lr 1.65e-04 | 15.5 steps/s | epoch 5
step  23600 | loss 45.434580 | lr 1.65e-04 | 15.5 steps/s | epoch 5
step  23700 | loss 4796.908747 | lr 1.64e-04 | 15.5 steps/s | epoch 5
step  23800 | loss 311.466869 | lr 1.63e-04 | 15.5 steps/s | epoch 5
step  23900 | loss 1081.640709 | lr 1.62e-04 | 15.5 steps/s | epoch 5
step  24000 | loss 2732.683690 | lr 1.61e-04 | 15.5 steps/s | epoch 5
step  24100 | loss 873.030139 | lr 1.60e-04 | 15.5 steps/s | epoch 5
step  24200 | loss 1417.458488 | lr 1.59e-04 | 15.5 steps/s | epoch 5
step  24300 | loss 4334.965225 | lr 1.58e-04 | 15.5 steps/s | epoch 5
step  24400 | loss 1703.744500 | lr 1.57e-04 | 15.5 steps/s | epoch 5
step  24500 | loss 1923.766825 | lr 1.56e-04 | 15.5 steps/s | epoch 5
step  24600 | loss 378.987044 | lr 1.55e-04 | 15.5 steps/s | epoch 5
step  24700 | loss 3722.140406 | lr 1.54e-04 | 15.5 steps/s | epoch 5
step  24800 | loss 5740.658668 | lr 1.53e-04 | 15.5 steps/s | epoch 5
step  24900 | loss 3907.112417 | lr 1.52e-04 | 15.5 steps/s | epoch 5
step  25000 | loss 572.900213 | lr 1.52e-04 | 15.5 steps/s | epoch 5
  saved checkpoint: /home/aditya/bude_vla/checkpoints/pick_v7/pick_v7_step_025000.pt
step  25100 | loss 746.467246 | lr 1.51e-04 | 15.5 steps/s | epoch 5
step  25200 | loss 1842.988867 | lr 1.50e-04 | 15.5 steps/s | epoch 5
step  25300 | loss 1805.188421 | lr 1.49e-04 | 15.5 steps/s | epoch 5
step  25400 | loss 2143.339762 | lr 1.48e-04 | 15.5 steps/s | epoch 6
step  25500 | loss 2546.799413 | lr 1.47e-04 | 15.5 steps/s | epoch 6
step  25600 | loss 5072.756038 | lr 1.46e-04 | 15.5 steps/s | epoch 6
step  25700 | loss 489.886026 | lr 1.45e-04 | 15.5 steps/s | epoch 6
step  25800 | loss 6012.575878 | lr 1.44e-04 | 15.5 steps/s | epoch 6
step  25900 | loss 483.249983 | lr 1.43e-04 | 15.4 steps/s | epoch 6
step  26000 | loss 303.853209 | lr 1.42e-04 | 15.4 steps/s | epoch 6
step  26100 | loss 1934.972561 | lr 1.41e-04 | 15.4 steps/s | epoch 6
step  26200 | loss 916.794710 | lr 1.40e-04 | 15.4 steps/s | epoch 6
step  26300 | loss 1658.880614 | lr 1.39e-04 | 15.4 steps/s | epoch 6
step  26400 | loss 1164.737455 | lr 1.38e-04 | 15.4 steps/s | epoch 6
step  26500 | loss 1166.167241 | lr 1.38e-04 | 15.4 steps/s | epoch 6
step  26600 | loss 871.084973 | lr 1.37e-04 | 15.4 steps/s | epoch 6
step  26700 | loss 1073.049461 | lr 1.36e-04 | 15.4 steps/s | epoch 6
step  26800 | loss 3510.920452 | lr 1.35e-04 | 15.4 steps/s | epoch 6
step  26900 | loss 1772.615843 | lr 1.34e-04 | 15.4 steps/s | epoch 6
step  27000 | loss 2407.462244 | lr 1.33e-04 | 15.4 steps/s | epoch 6
step  27100 | loss 182.404134 | lr 1.32e-04 | 15.4 steps/s | epoch 6
step  27200 | loss 348.047537 | lr 1.31e-04 | 15.4 steps/s | epoch 6
step  27300 | loss 2911.858286 | lr 1.30e-04 | 15.4 steps/s | epoch 6
step  27400 | loss 1605.812183 | lr 1.29e-04 | 15.4 steps/s | epoch 6
step  27500 | loss 875.055882 | lr 1.28e-04 | 15.4 steps/s | epoch 6
step  27600 | loss 42.190298 | lr 1.27e-04 | 15.4 steps/s | epoch 6
step  27700 | loss 2455.535379 | lr 1.26e-04 | 15.4 steps/s | epoch 6
step  27800 | loss 3334.799094 | lr 1.26e-04 | 15.4 steps/s | epoch 6
step  27900 | loss 2215.337026 | lr 1.25e-04 | 15.4 steps/s | epoch 6
step  28000 | loss 3479.656105 | lr 1.24e-04 | 15.4 steps/s | epoch 6
step  28100 | loss 1798.056666 | lr 1.23e-04 | 15.4 steps/s | epoch 6
step  28200 | loss 2657.558893 | lr 1.22e-04 | 15.4 steps/s | epoch 6
step  28300 | loss 4698.948638 | lr 1.21e-04 | 15.4 steps/s | epoch 6
step  28400 | loss 2789.007533 | lr 1.20e-04 | 15.4 steps/s | epoch 6
step  28500 | loss 2803.494939 | lr 1.19e-04 | 15.4 steps/s | epoch 6
step  28600 | loss 309.938883 | lr 1.18e-04 | 15.4 steps/s | epoch 6
step  28700 | loss 1037.751364 | lr 1.17e-04 | 15.4 steps/s | epoch 6
step  28800 | loss 1872.330010 | lr 1.16e-04 | 15.3 steps/s | epoch 6
step  28900 | loss 72.338747 | lr 1.15e-04 | 15.3 steps/s | epoch 6
step  29000 | loss 854.151282 | lr 1.15e-04 | 15.3 steps/s | epoch 6
step  29100 | loss 1823.572504 | lr 1.14e-04 | 15.3 steps/s | epoch 6
step  29200 | loss 3405.415560 | lr 1.13e-04 | 15.3 steps/s | epoch 6
step  29300 | loss 11212.905364 | lr 1.12e-04 | 15.3 steps/s | epoch 6
step  29400 | loss 2689.908148 | lr 1.11e-04 | 15.3 steps/s | epoch 6
step  29500 | loss 2913.303493 | lr 1.10e-04 | 15.3 steps/s | epoch 6
step  29600 | loss 1755.517216 | lr 1.09e-04 | 15.3 steps/s | epoch 6
step  29700 | loss 1409.614048 | lr 1.08e-04 | 15.3 steps/s | epoch 7
step  29800 | loss 408.988763 | lr 1.07e-04 | 15.3 steps/s | epoch 7
step  29900 | loss 2239.849422 | lr 1.06e-04 | 15.3 steps/s | epoch 7
step  30000 | loss 2291.080834 | lr 1.06e-04 | 15.3 steps/s | epoch 7
  saved checkpoint: /home/aditya/bude_vla/checkpoints/pick_v7/pick_v7_step_030000.pt
step  30100 | loss 3716.962800 | lr 1.05e-04 | 15.3 steps/s | epoch 7
step  30200 | loss 6913.785401 | lr 1.04e-04 | 15.3 steps/s | epoch 7
step  30300 | loss 1656.923323 | lr 1.03e-04 | 15.3 steps/s | epoch 7
step  30400 | loss 1.604185 | lr 1.02e-04 | 15.3 steps/s | epoch 7
step  30500 | loss 1759.798274 | lr 1.01e-04 | 15.3 steps/s | epoch 7
step  30600 | loss 705.151006 | lr 1.00e-04 | 15.3 steps/s | epoch 7
step  30700 | loss 780.719160 | lr 9.94e-05 | 15.3 steps/s | epoch 7
step  30800 | loss 3755.629603 | lr 9.86e-05 | 15.3 steps/s | epoch 7
step  30900 | loss 16297.197220 | lr 9.77e-05 | 15.3 steps/s | epoch 7
step  31000 | loss 3144.400163 | lr 9.68e-05 | 15.3 steps/s | epoch 7
step  31100 | loss 16213.508984 | lr 9.60e-05 | 15.3 steps/s | epoch 7
step  31200 | loss 738.059076 | lr 9.51e-05 | 15.3 steps/s | epoch 7
step  31300 | loss 4866.888432 | lr 9.42e-05 | 15.3 steps/s | epoch 7
step  31400 | loss 3080.598678 | lr 9.34e-05 | 15.3 steps/s | epoch 7
step  31500 | loss 4785.575654 | lr 9.25e-05 | 15.3 steps/s | epoch 7
step  31600 | loss 1881.939299 | lr 9.17e-05 | 15.3 steps/s | epoch 7
step  31700 | loss 1458.278325 | lr 9.08e-05 | 15.3 steps/s | epoch 7
step  31800 | loss 952.830692 | lr 9.00e-05 | 15.3 steps/s | epoch 7
step  31900 | loss 337.592258 | lr 8.91e-05 | 15.3 steps/s | epoch 7
step  32000 | loss 962.152827 | lr 8.83e-05 | 15.3 steps/s | epoch 7
step  32100 | loss 197.561375 | lr 8.74e-05 | 15.3 steps/s | epoch 7
step  32200 | loss 1527.968151 | lr 8.66e-05 | 15.2 steps/s | epoch 7
step  32300 | loss 2445.884420 | lr 8.58e-05 | 15.2 steps/s | epoch 7
step  32400 | loss 3566.647094 | lr 8.49e-05 | 15.2 steps/s | epoch 7
step  32500 | loss 671.956343 | lr 8.41e-05 | 15.2 steps/s | epoch 7
step  32600 | loss 1190.565121 | lr 8.33e-05 | 15.2 steps/s | epoch 7
step  32700 | loss 2606.086202 | lr 8.24e-05 | 15.2 steps/s | epoch 7
step  32800 | loss 481.358642 | lr 8.16e-05 | 15.2 steps/s | epoch 7
step  32900 | loss 2231.633123 | lr 8.08e-05 | 15.2 steps/s | epoch 7
step  33000 | loss 554.577688 | lr 8.00e-05 | 15.2 steps/s | epoch 7
step  33100 | loss 1335.392461 | lr 7.91e-05 | 15.2 steps/s | epoch 7
step  33200 | loss 4168.993822 | lr 7.83e-05 | 15.2 steps/s | epoch 7
step  33300 | loss 2498.532871 | lr 7.75e-05 | 15.2 steps/s | epoch 7
step  33400 | loss 743.256290 | lr 7.67e-05 | 15.2 steps/s | epoch 7
step  33500 | loss 1603.492562 | lr 7.59e-05 | 15.2 steps/s | epoch 7
step  33600 | loss 1289.302914 | lr 7.51e-05 | 15.2 steps/s | epoch 7
step  33700 | loss 1557.667363 | lr 7.43e-05 | 15.2 steps/s | epoch 7
step  33800 | loss 1819.868512 | lr 7.35e-05 | 15.2 steps/s | epoch 7
step  33900 | loss 2257.531480 | lr 7.27e-05 | 15.2 steps/s | epoch 8
step  34000 | loss 1652.320051 | lr 7.19e-05 | 15.2 steps/s | epoch 8
step  34100 | loss 126.305231 | lr 7.11e-05 | 15.2 steps/s | epoch 8
step  34200 | loss 553.515132 | lr 7.04e-05 | 15.2 steps/s | epoch 8
step  34300 | loss 94.090727 | lr 6.96e-05 | 15.2 steps/s | epoch 8
step  34400 | loss 1612.445170 | lr 6.88e-05 | 15.2 steps/s | epoch 8
step  34500 | loss 490.884119 | lr 6.80e-05 | 15.2 steps/s | epoch 8
step  34600 | loss 585.502805 | lr 6.73e-05 | 15.2 steps/s | epoch 8
step  34700 | loss 1782.632984 | lr 6.65e-05 | 15.2 steps/s | epoch 8
step  34800 | loss 3104.811620 | lr 6.57e-05 | 15.2 steps/s | epoch 8
step  34900 | loss 645.891626 | lr 6.50e-05 | 15.2 steps/s | epoch 8
step  35000 | loss 267.941498 | lr 6.42e-05 | 15.2 steps/s | epoch 8
  saved checkpoint: /home/aditya/bude_vla/checkpoints/pick_v7/pick_v7_step_035000.pt
step  35100 | loss 1738.323931 | lr 6.35e-05 | 15.2 steps/s | epoch 8
step  35200 | loss 566.279742 | lr 6.27e-05 | 15.2 steps/s | epoch 8
step  35300 | loss 622.357944 | lr 6.20e-05 | 15.2 steps/s | epoch 8
step  35400 | loss 1623.915520 | lr 6.12e-05 | 15.2 steps/s | epoch 8
step  35500 | loss 4607.000779 | lr 6.05e-05 | 15.2 steps/s | epoch 8
step  35600 | loss 1605.137803 | lr 5.97e-05 | 15.2 steps/s | epoch 8
step  35700 | loss 5883.755727 | lr 5.90e-05 | 15.2 steps/s | epoch 8
step  35800 | loss 923.335374 | lr 5.83e-05 | 15.2 steps/s | epoch 8
step  35900 | loss 1887.996831 | lr 5.76e-05 | 15.2 steps/s | epoch 8
step  36000 | loss 3293.135673 | lr 5.68e-05 | 15.2 steps/s | epoch 8
step  36100 | loss 864.067394 | lr 5.61e-05 | 15.2 steps/s | epoch 8
step  36200 | loss 3397.418996 | lr 5.54e-05 | 15.2 steps/s | epoch 8
step  36300 | loss 458.410637 | lr 5.47e-05 | 15.2 steps/s | epoch 8
step  36400 | loss 42.863227 | lr 5.40e-05 | 15.2 steps/s | epoch 8
step  36500 | loss 4600.300138 | lr 5.33e-05 | 15.1 steps/s | epoch 8
step  36600 | loss 694.881911 | lr 5.26e-05 | 15.1 steps/s | epoch 8
step  36700 | loss 626.352924 | lr 5.19e-05 | 15.1 steps/s | epoch 8
step  36800 | loss 3366.456848 | lr 5.12e-05 | 15.1 steps/s | epoch 8
step  36900 | loss 1362.271410 | lr 5.05e-05 | 15.1 steps/s | epoch 8
step  37000 | loss 4064.643881 | lr 4.98e-05 | 15.1 steps/s | epoch 8
step  37100 | loss 912.616652 | lr 4.92e-05 | 15.1 steps/s | epoch 8
step  37200 | loss 623.424025 | lr 4.85e-05 | 15.1 steps/s | epoch 8
step  37300 | loss 1790.351578 | lr 4.78e-05 | 15.1 steps/s | epoch 8
step  37400 | loss 1358.084949 | lr 4.72e-05 | 15.1 steps/s | epoch 8
step  37500 | loss 2464.383213 | lr 4.65e-05 | 15.1 steps/s | epoch 8
step  37600 | loss 2078.021752 | lr 4.58e-05 | 15.1 steps/s | epoch 8
step  37700 | loss 1406.184296 | lr 4.52e-05 | 15.1 steps/s | epoch 8
step  37800 | loss 1493.173825 | lr 4.45e-05 | 15.1 steps/s | epoch 8
step  37900 | loss 474.074795 | lr 4.39e-05 | 15.1 steps/s | epoch 8
step  38000 | loss 1627.099929 | lr 4.32e-05 | 15.1 steps/s | epoch 8
step  38100 | loss 3767.619745 | lr 4.26e-05 | 15.1 steps/s | epoch 9
step  38200 | loss 1123.965251 | lr 4.20e-05 | 15.1 steps/s | epoch 9
step  38300 | loss 3362.821382 | lr 4.14e-05 | 15.1 steps/s | epoch 9
step  38400 | loss 166.271418 | lr 4.07e-05 | 15.1 steps/s | epoch 9
step  38500 | loss 1518.781668 | lr 4.01e-05 | 15.1 steps/s | epoch 9
step  38600 | loss 793.719384 | lr 3.95e-05 | 15.1 steps/s | epoch 9
step  38700 | loss 2298.570048 | lr 3.89e-05 | 15.1 steps/s | epoch 9
step  38800 | loss 3179.826311 | lr 3.83e-05 | 15.1 steps/s | epoch 9
step  38900 | loss 1996.396239 | lr 3.77e-05 | 15.1 steps/s | epoch 9
step  39000 | loss 4545.217976 | lr 3.71e-05 | 15.1 steps/s | epoch 9
step  39100 | loss 1998.860470 | lr 3.65e-05 | 15.1 steps/s | epoch 9
step  39200 | loss 1094.150589 | lr 3.59e-05 | 15.1 steps/s | epoch 9
step  39300 | loss 2683.513330 | lr 3.53e-05 | 15.1 steps/s | epoch 9
step  39400 | loss 536.798202 | lr 3.47e-05 | 15.1 steps/s | epoch 9
step  39500 | loss 1868.204155 | lr 3.42e-05 | 15.1 steps/s | epoch 9
step  39600 | loss 1612.756034 | lr 3.36e-05 | 15.1 steps/s | epoch 9
step  39700 | loss 2779.091528 | lr 3.30e-05 | 15.1 steps/s | epoch 9
step  39800 | loss 2845.601268 | lr 3.25e-05 | 15.1 steps/s | epoch 9
step  39900 | loss 1497.419679 | lr 3.19e-05 | 15.1 steps/s | epoch 9
step  40000 | loss 399.025723 | lr 3.14e-05 | 15.1 steps/s | epoch 9
  saved checkpoint: /home/aditya/bude_vla/checkpoints/pick_v7/pick_v7_step_040000.pt
step  40100 | loss 3702.452706 | lr 3.08e-05 | 15.1 steps/s | epoch 9
step  40200 | loss 725.270551 | lr 3.03e-05 | 15.1 steps/s | epoch 9
step  40300 | loss 1136.717943 | lr 2.97e-05 | 15.1 steps/s | epoch 9
step  40400 | loss 484.763841 | lr 2.92e-05 | 15.1 steps/s | epoch 9
step  40500 | loss 1068.089286 | lr 2.87e-05 | 15.1 steps/s | epoch 9
step  40600 | loss 1621.307077 | lr 2.82e-05 | 15.1 steps/s | epoch 9
step  40700 | loss 1126.203428 | lr 2.76e-05 | 15.1 steps/s | epoch 9
step  40800 | loss 3360.919319 | lr 2.71e-05 | 15.1 steps/s | epoch 9
step  40900 | loss 2176.489868 | lr 2.66e-05 | 15.1 steps/s | epoch 9
step  41000 | loss 2034.188289 | lr 2.61e-05 | 15.1 steps/s | epoch 9
step  41100 | loss 551.345678 | lr 2.56e-05 | 15.1 steps/s | epoch 9
step  41200 | loss 1469.562336 | lr 2.51e-05 | 15.1 steps/s | epoch 9
step  41300 | loss 486.244995 | lr 2.46e-05 | 15.1 steps/s | epoch 9
step  41400 | loss 1485.485886 | lr 2.42e-05 | 15.1 steps/s | epoch 9
step  41500 | loss 919.287914 | lr 2.37e-05 | 15.1 steps/s | epoch 9
step  41600 | loss 1700.231172 | lr 2.32e-05 | 15.1 steps/s | epoch 9
step  41700 | loss 293.766347 | lr 2.27e-05 | 15.1 steps/s | epoch 9
step  41800 | loss 1770.500303 | lr 2.23e-05 | 15.1 steps/s | epoch 9
step  41900 | loss 0.282704 | lr 2.18e-05 | 15.1 steps/s | epoch 9
step  42000 | loss 585.957369 | lr 2.14e-05 | 15.0 steps/s | epoch 9
step  42100 | loss 1682.503341 | lr 2.09e-05 | 15.0 steps/s | epoch 9
step  42200 | loss 2677.240817 | lr 2.05e-05 | 15.0 steps/s | epoch 9
step  42300 | loss 2312.556469 | lr 2.00e-05 | 15.0 steps/s | epoch 9
step  42400 | loss 3921.376452 | lr 1.96e-05 | 15.0 steps/s | epoch 10
step  42500 | loss 740.922307 | lr 1.92e-05 | 15.0 steps/s | epoch 10
step  42600 | loss 1093.305405 | lr 1.88e-05 | 15.0 steps/s | epoch 10
step  42700 | loss 3880.348434 | lr 1.83e-05 | 15.0 steps/s | epoch 10
step  42800 | loss 2940.492363 | lr 1.79e-05 | 15.0 steps/s | epoch 10
step  42900 | loss 309.100221 | lr 1.75e-05 | 15.0 steps/s | epoch 10
step  43000 | loss 1879.781735 | lr 1.71e-05 | 15.0 steps/s | epoch 10
step  43100 | loss 3657.254212 | lr 1.67e-05 | 15.0 steps/s | epoch 10
step  43200 | loss 704.761248 | lr 1.63e-05 | 15.0 steps/s | epoch 10
step  43300 | loss 1657.980028 | lr 1.60e-05 | 15.0 steps/s | epoch 10
step  43400 | loss 152.772351 | lr 1.56e-05 | 15.0 steps/s | epoch 10
step  43500 | loss 4294.582066 | lr 1.52e-05 | 15.0 steps/s | epoch 10
step  43600 | loss 714.216944 | lr 1.48e-05 | 15.0 steps/s | epoch 10
step  43700 | loss 1145.313561 | lr 1.45e-05 | 15.0 steps/s | epoch 10
step  43800 | loss 803.399714 | lr 1.41e-05 | 15.0 steps/s | epoch 10
step  43900 | loss 253.417988 | lr 1.38e-05 | 15.0 steps/s | epoch 10
step  44000 | loss 1318.500383 | lr 1.34e-05 | 15.0 steps/s | epoch 10
step  44100 | loss 4637.093498 | lr 1.31e-05 | 15.0 steps/s | epoch 10
step  44200 | loss 2894.901844 | lr 1.28e-05 | 15.0 steps/s | epoch 10
step  44300 | loss 1373.084779 | lr 1.24e-05 | 15.0 steps/s | epoch 10
step  44400 | loss 3568.089639 | lr 1.21e-05 | 15.0 steps/s | epoch 10
step  44500 | loss 1120.165211 | lr 1.18e-05 | 15.0 steps/s | epoch 10
step  44600 | loss 2960.397260 | lr 1.15e-05 | 15.0 steps/s | epoch 10
step  44700 | loss 3306.161034 | lr 1.12e-05 | 15.0 steps/s | epoch 10
step  44800 | loss 258.042537 | lr 1.09e-05 | 15.0 steps/s | epoch 10
step  44900 | loss 1927.574327 | lr 1.06e-05 | 15.0 steps/s | epoch 10
step  45000 | loss 3056.632444 | lr 1.03e-05 | 15.0 steps/s | epoch 10
  saved checkpoint: /home/aditya/bude_vla/checkpoints/pick_v7/pick_v7_step_045000.pt
step  45100 | loss 2261.252247 | lr 9.98e-06 | 15.0 steps/s | epoch 10
step  45200 | loss 3596.275784 | lr 9.70e-06 | 15.0 steps/s | epoch 10
step  45300 | loss 1653.303181 | lr 9.43e-06 | 15.0 steps/s | epoch 10
step  45400 | loss 1148.113931 | lr 9.16e-06 | 15.0 steps/s | epoch 10
step  45500 | loss 4799.223622 | lr 8.90e-06 | 15.0 steps/s | epoch 10
step  45600 | loss 1986.912725 | lr 8.64e-06 | 15.0 steps/s | epoch 10
step  45700 | loss 1824.163884 | lr 8.39e-06 | 15.0 steps/s | epoch 10
step  45800 | loss 661.762304 | lr 8.14e-06 | 15.0 steps/s | epoch 10
step  45900 | loss 1193.411711 | lr 7.90e-06 | 15.0 steps/s | epoch 10
step  46000 | loss 3978.590057 | lr 7.67e-06 | 15.0 steps/s | epoch 10
step  46100 | loss 3055.189868 | lr 7.44e-06 | 15.0 steps/s | epoch 10
step  46200 | loss 2347.269899 | lr 7.21e-06 | 15.0 steps/s | epoch 10
step  46300 | loss 1967.217190 | lr 6.99e-06 | 15.0 steps/s | epoch 10
step  46400 | loss 1735.229358 | lr 6.78e-06 | 15.0 steps/s | epoch 10
step  46500 | loss 3.858840 | lr 6.58e-06 | 15.0 steps/s | epoch 10
step  46600 | loss 1357.692433 | lr 6.38e-06 | 15.0 steps/s | epoch 11
step  46700 | loss 2624.087882 | lr 6.18e-06 | 15.0 steps/s | epoch 11
step  46800 | loss 788.829580 | lr 5.99e-06 | 15.0 steps/s | epoch 11
step  46900 | loss 463.910085 | lr 5.81e-06 | 15.0 steps/s | epoch 11
step  47000 | loss 2959.258472 | lr 5.63e-06 | 15.0 steps/s | epoch 11
step  47100 | loss 1841.764800 | lr 5.46e-06 | 15.0 steps/s | epoch 11
step  47200 | loss 1175.914054 | lr 5.29e-06 | 15.0 steps/s | epoch 11
step  47300 | loss 2853.330699 | lr 5.13e-06 | 15.0 steps/s | epoch 11
step  47400 | loss 2055.574252 | lr 4.98e-06 | 15.0 steps/s | epoch 11
step  47500 | loss 3762.877643 | lr 4.83e-06 | 15.0 steps/s | epoch 11
step  47600 | loss 143.906505 | lr 4.69e-06 | 15.0 steps/s | epoch 11
step  47700 | loss 582.690768 | lr 4.55e-06 | 15.0 steps/s | epoch 11
step  47800 | loss 827.936481 | lr 4.42e-06 | 15.0 steps/s | epoch 11
step  47900 | loss 2256.401234 | lr 4.29e-06 | 15.0 steps/s | epoch 11
step  48000 | loss 3388.677086 | lr 4.17e-06 | 15.0 steps/s | epoch 11
step  48100 | loss 324.385688 | lr 4.06e-06 | 15.0 steps/s | epoch 11
step  48200 | loss 1562.793033 | lr 3.95e-06 | 15.0 steps/s | epoch 11
step  48300 | loss 2257.426566 | lr 3.85e-06 | 15.0 steps/s | epoch 11
step  48400 | loss 1310.179951 | lr 3.75e-06 | 15.0 steps/s | epoch 11
step  48500 | loss 2476.287878 | lr 3.66e-06 | 15.0 steps/s | epoch 11
step  48600 | loss 3314.688882 | lr 3.57e-06 | 15.0 steps/s | epoch 11
step  48700 | loss 2106.143637 | lr 3.50e-06 | 15.0 steps/s | epoch 11
step  48800 | loss 2408.756993 | lr 3.42e-06 | 15.0 steps/s | epoch 11
step  48900 | loss 4783.440420 | lr 3.35e-06 | 15.0 steps/s | epoch 11
step  49000 | loss 875.886952 | lr 3.29e-06 | 14.9 steps/s | epoch 11
step  49100 | loss 229.185207 | lr 3.24e-06 | 14.9 steps/s | epoch 11
step  49200 | loss 791.819812 | lr 3.19e-06 | 14.9 steps/s | epoch 11
step  49300 | loss 447.662672 | lr 3.14e-06 | 14.9 steps/s | epoch 11
step  49400 | loss 1154.121211 | lr 3.11e-06 | 14.9 steps/s | epoch 11
step  49500 | loss 2926.022583 | lr 3.07e-06 | 14.9 steps/s | epoch 11
step  49600 | loss 1219.391674 | lr 3.05e-06 | 14.9 steps/s | epoch 11
step  49700 | loss 2370.541992 | lr 3.03e-06 | 14.9 steps/s | epoch 11
step  49800 | loss 1943.924591 | lr 3.01e-06 | 14.9 steps/s | epoch 11
step  49900 | loss 395.894901 | lr 3.00e-06 | 14.9 steps/s | epoch 11
step  50000 | loss 3484.612399 | lr 3.00e-06 | 14.9 steps/s | epoch 11
  saved checkpoint: /home/aditya/bude_vla/checkpoints/pick_v7/pick_v7_step_050000.pt
Training done in 3347s. Final checkpoint: /home/aditya/bude_vla/checkpoints/pick_v7/pick_v7_final.pt
