Failed to import warp: No module named 'warp'
Failed to import mujoco_warp: No module named 'warp'
=== MODEL INSPECTION ===
nbody=12 ngeom=77 nsite=4 nq=13 nu=6
gripper body id=6 (parent of moving_jaw)
moving_jaw body id=7
gripperframe site id=2 (body=6, pos=[-0.0079     -0.00021812 -0.0981274 ])
jaw_contact site id=3 (body=7, pos=[-0.001 -0.025  0.019])

=== REST POSE (home config, jaw=open, ball at table) ===
gripper pos: [ 2.93234500e-01 -1.77808977e-04  2.34370000e-01]
jaw pos:     [0.3166345  0.01761698 0.25546088]
EE site:     [ 3.91361900e-01 -1.12552870e-05  2.26468745e-01]
jaw_contact: [ 0.3416345  -0.00131185  0.25353752]
ball:        [0.3  0.   0.03]
gripper xmat (world from local) first row: [ 6.12574227e-16 -3.46944695e-18 -1.00000000e+00]
gripper xmat second row: [-4.86602912e-02  9.98815386e-01 -3.46944695e-17]
gripper xmat third row: [9.98815386e-01 4.86602912e-02 6.08671100e-16]
jaw-down local (+Z_body down) world dir:  [ 1.00000000e+00  3.46944695e-17 -6.08671100e-16]
jaw-forward local (+X_body fwd) world dir: [ 6.12574227e-16 -4.86602912e-02  9.98815386e-01]

=== FAILURE: GRASP phase at terminal pose ===
gripper pos: [ 0.2915859  -0.0016756   0.23257354] (z=0.233)
jaw pos:     [0.31532647 0.01597882 0.25340013] (z=0.253)
EE site:     [ 0.38961757 -0.00208997  0.22357003] (z=0.224)
jaw_contact: [ 0.33958734 -0.00288305  0.24687017] (z=0.247)
ball:        [0.31  0.    0.027] (z=0.027)
EE site->ball: 212.1 mm
jaw->ball:     227.0 mm
jaw_contact->ball: 221.9 mm

=== SUCCESS: jaw-contact IK iteration run ===
  it0: ik_target=(0.300,0.000,0.030) -> jaw=(0.284,0.019,0.052) jaw-ball-err=33.0mm ncon_jaw=1
  it1: ik_target=(0.316,-0.019,0.008) -> jaw=(0.302,0.001,0.030) jaw-ball-err=2.3mm ncon_jaw=1
  it2: ik_target=(0.314,-0.020,0.007) -> jaw=(0.302,0.001,0.030) jaw-ball-err=2.3mm ncon_jaw=1
  it3: ik_target=(0.312,-0.021,0.007) -> jaw=(0.301,-0.000,0.029) jaw-ball-err=1.2mm ncon_jaw=1
  CONVERGED

=== SCRIPTED POLICY TRAJECTORY (with jaw-contact IK, jaw_qpos threshold 0.30) ===
  episode done at 483 attached= False
  ps= 15 jaw_q=0.473 gap=+13.2mm ncon_jaw=1 attached=False
  ps= 16 jaw_q=0.484 gap= +9.8mm ncon_jaw=1 attached=False
  ps= 17 jaw_q=0.494 gap= +7.2mm ncon_jaw=1 attached=False
  ps= 18 jaw_q=0.504 gap= +5.6mm ncon_jaw=1 attached=False
  ps= 19 jaw_q=0.515 gap= +4.3mm ncon_jaw=1 attached=False
  ps= 20 jaw_q=0.525 gap= +3.9mm ncon_jaw=1 attached=False
  ps= 21 jaw_q=0.536 gap= +3.6mm ncon_jaw=1 attached=False
  ps= 22 jaw_q=0.546 gap= +3.4mm ncon_jaw=1 attached=False
  ps= 23 jaw_q=0.556 gap= +3.2mm ncon_jaw=1 attached=False
  ps= 24 jaw_q=0.567 gap= +3.1mm ncon_jaw=1 attached=False
  ps= 25 jaw_q=0.577 gap= +3.0mm ncon_jaw=1 attached=False
  ps= 26 jaw_q=0.588 gap= +2.8mm ncon_jaw=1 attached=False
  ps= 27 jaw_q=0.598 gap= +2.7mm ncon_jaw=1 attached=False
  ps= 28 jaw_q=0.609 gap= +3.3mm ncon_jaw=1 attached=False
  ps= 29 jaw_q=0.619 gap= +3.0mm ncon_jaw=1 attached=False
  ps= 30 jaw_q=0.630 gap= +2.8mm ncon_jaw=1 attached=False
  ps= 31 jaw_q=0.641 gap= +3.3mm ncon_jaw=1 attached=False
  ps= 32 jaw_q=0.651 gap= +2.9mm ncon_jaw=1 attached=False
  ps= 33 jaw_q=0.662 gap= +2.6mm ncon_jaw=1 attached=False
  ps= 34 jaw_q=0.672 gap= +3.2mm ncon_jaw=1 attached=False
  ps= 35 jaw_q=0.683 gap= +2.7mm ncon_jaw=1 attached=False
  ps= 36 jaw_q=0.694 gap= +3.3mm ncon_jaw=1 attached=False
  ps= 37 jaw_q=0.704 gap= +2.7mm ncon_jaw=1 attached=False
  ps= 38 jaw_q=0.715 gap= +3.3mm ncon_jaw=1 attached=False
  ps= 39 jaw_q=0.726 gap= +2.6mm ncon_jaw=1 attached=False
  ps= 40 jaw_q=0.736 gap= +3.2mm ncon_jaw=1 attached=False
  ps= 41 jaw_q=0.747 gap= +2.5mm ncon_jaw=1 attached=False
  ps= 42 jaw_q=0.758 gap= +3.1mm ncon_jaw=1 attached=False
  ps= 43 jaw_q=0.768 gap= +2.4mm ncon_jaw=1 attached=False
  ps= 44 jaw_q=0.779 gap= +3.0mm ncon_jaw=1 attached=False
  ps= 45 jaw_q=0.790 gap= +2.3mm ncon_jaw=1 attached=False
  ps= 46 jaw_q=0.801 gap= +2.8mm ncon_jaw=1 attached=False
  ps= 47 jaw_q=0.811 gap= +3.4mm ncon_jaw=1 attached=False
  ps= 48 jaw_q=0.822 gap= +2.4mm ncon_jaw=1 attached=False
  ps= 49 jaw_q=0.833 gap= +3.0mm ncon_jaw=1 attached=False
  ps= 50 jaw_q=0.843 gap= +2.1mm ncon_jaw=1 attached=False
  ps= 51 jaw_q=0.854 gap= +2.7mm ncon_jaw=1 attached=False
  ps= 52 jaw_q=0.865 gap= +3.3mm ncon_jaw=1 attached=False
  ps= 53 jaw_q=0.876 gap= +2.3mm ncon_jaw=1 attached=False
  ps= 54 jaw_q=0.886 gap= +2.9mm ncon_jaw=1 attached=False
  ps= 55 jaw_q=0.897 gap= +2.0mm ncon_jaw=1 attached=False
  ps= 56 jaw_q=0.908 gap= +2.7mm ncon_jaw=1 attached=False
  ps= 57 jaw_q=0.919 gap= +3.3mm ncon_jaw=1 attached=False
  ps= 58 jaw_q=0.930 gap= +2.2mm ncon_jaw=1 attached=False
  ps= 59 jaw_q=0.940 gap= +2.9mm ncon_jaw=1 attached=False
  ps= 60 jaw_q=0.951 gap= +2.0mm ncon_jaw=1 attached=False
  ps= 61 jaw_q=0.962 gap= +2.3mm ncon_jaw=1 attached=False
  ps= 62 jaw_q=0.973 gap= +2.6mm ncon_jaw=1 attached=False
  ps= 63 jaw_q=0.984 gap= +2.8mm ncon_jaw=1 attached=False
  ps= 64 jaw_q=0.994 gap= +3.1mm ncon_jaw=1 attached=False
  ps= 65 jaw_q=1.005 gap= +3.3mm ncon_jaw=1 attached=False
  ps= 66 jaw_q=1.016 gap= +3.6mm ncon_jaw=1 attached=False
  ps= 67 jaw_q=1.027 gap= +3.9mm ncon_jaw=1 attached=False
  ps= 68 jaw_q=1.038 gap= +4.1mm ncon_jaw=1 attached=False
  ps= 69 jaw_q=1.048 gap= +4.4mm ncon_jaw=1 attached=False
  ps= 70 jaw_q=1.059 gap= +4.7mm ncon_jaw=1 attached=False
  ps= 71 jaw_q=1.070 gap= +4.9mm ncon_jaw=1 attached=False
  ps= 72 jaw_q=1.081 gap= +5.2mm ncon_jaw=1 attached=False
  ps= 73 jaw_q=1.092 gap= +5.5mm ncon_jaw=1 attached=False
  ps= 74 jaw_q=1.102 gap= +5.7mm ncon_jaw=1 attached=False
  ps= 75 jaw_q=1.112 gap= +6.0mm ncon_jaw=1 attached=False
  ps= 76 jaw_q=1.121 gap= +6.2mm ncon_jaw=1 attached=False
  ps= 77 jaw_q=1.129 gap= +6.5mm ncon_jaw=1 attached=False
  ps= 78 jaw_q=1.137 gap= +6.7mm ncon_jaw=1 attached=False
  ps= 79 jaw_q=1.143 gap= +6.8mm ncon_jaw=1 attached=False
  ps= 80 jaw_q=1.149 gap= +7.0mm ncon_jaw=1 attached=False
  ps= 81 jaw_q=1.154 gap= +7.2mm ncon_jaw=1 attached=False
  ps= 82 jaw_q=1.158 gap= +7.3mm ncon_jaw=1 attached=False
  ps= 83 jaw_q=1.162 gap= +7.4mm ncon_jaw=1 attached=False
  ps= 84 jaw_q=1.165 gap= +7.5mm ncon_jaw=1 attached=False
  ps= 85 jaw_q=1.168 gap= +7.6mm ncon_jaw=1 attached=False
  ps= 86 jaw_q=1.170 gap= +7.6mm ncon_jaw=1 attached=False
  ps= 87 jaw_q=1.171 gap= +7.7mm ncon_jaw=1 attached=False
  ps= 88 jaw_q=1.172 gap= +7.7mm ncon_jaw=1 attached=False
  ps= 89 jaw_q=1.173 gap= +7.7mm ncon_jaw=1 attached=False
  ps= 90 jaw_q=1.172 gap= +7.8mm ncon_jaw=1 attached=False
  ps= 91 jaw_q=1.172 gap= +7.8mm ncon_jaw=1 attached=False
  ps= 92 jaw_q=1.171 gap= +7.7mm ncon_jaw=1 attached=False
  ps= 93 jaw_q=1.170 gap= +7.7mm ncon_jaw=1 attached=False
  ps= 94 jaw_q=1.168 gap= +7.7mm ncon_jaw=1 attached=False
  ps= 95 jaw_q=1.166 gap= +7.6mm ncon_jaw=1 attached=False
  ps= 96 jaw_q=1.163 gap= +7.6mm ncon_jaw=1 attached=False
  ps= 97 jaw_q=1.160 gap= +7.5mm ncon_jaw=1 attached=False
  ps= 98 jaw_q=1.157 gap= +7.5mm ncon_jaw=1 attached=False
  ps= 99 jaw_q=1.154 gap= +7.4mm ncon_jaw=1 attached=False
  ps=100 jaw_q=1.150 gap= +7.3mm ncon_jaw=1 attached=False
  ps=101 jaw_q=1.146 gap= +7.2mm ncon_jaw=1 attached=False
  ps=102 jaw_q=1.141 gap= +7.1mm ncon_jaw=1 attached=False
  ps=103 jaw_q=1.136 gap= +7.0mm ncon_jaw=1 attached=False
  ps=104 jaw_q=1.131 gap= +6.9mm ncon_jaw=1 attached=False
  ps=105 jaw_q=1.126 gap= +6.8mm ncon_jaw=1 attached=False
  ps=106 jaw_q=1.121 gap= +6.6mm ncon_jaw=1 attached=False
  ps=107 jaw_q=1.115 gap= +6.5mm ncon_jaw=1 attached=False
  ps=108 jaw_q=1.109 gap= +6.4mm ncon_jaw=1 attached=False
  ps=109 jaw_q=1.103 gap= +6.2mm ncon_jaw=1 attached=False
  ps=110 jaw_q=1.097 gap= +6.1mm ncon_jaw=1 attached=False
  ps=111 jaw_q=1.090 gap= +5.9mm ncon_jaw=1 attached=False
  ps=112 jaw_q=1.083 gap= +5.8mm ncon_jaw=1 attached=False
  ps=113 jaw_q=1.077 gap= +5.6mm ncon_jaw=1 attached=False
  ps=114 jaw_q=1.069 gap= +5.4mm ncon_jaw=1 attached=False
  ps=115 jaw_q=1.062 gap= +5.2mm ncon_jaw=1 attached=False
  ps=116 jaw_q=1.055 gap= +5.1mm ncon_jaw=1 attached=False
  ps=117 jaw_q=1.047 gap= +4.9mm ncon_jaw=1 attached=False
  ps=118 jaw_q=1.040 gap= +4.7mm ncon_jaw=1 attached=False
  ps=119 jaw_q=1.032 gap= +4.5mm ncon_jaw=1 attached=False
  ps=120 jaw_q=1.024 gap= +4.3mm ncon_jaw=1 attached=False
  ps=121 jaw_q=1.016 gap= +4.1mm ncon_jaw=1 attached=False
  ps=122 jaw_q=1.007 gap= +3.9mm ncon_jaw=1 attached=False
  ps=123 jaw_q=0.999 gap= +3.7mm ncon_jaw=1 attached=False
  ps=124 jaw_q=0.991 gap= +3.5mm ncon_jaw=1 attached=False
  ps=125 jaw_q=0.982 gap= +3.3mm ncon_jaw=1 attached=False
  ps=126 jaw_q=0.973 gap= +3.1mm ncon_jaw=1 attached=False
  ps=127 jaw_q=0.965 gap= +2.9mm ncon_jaw=1 attached=False
  ps=128 jaw_q=0.956 gap= +2.7mm ncon_jaw=1 attached=False
  ps=129 jaw_q=0.947 gap= +2.5mm ncon_jaw=1 attached=False
  ps=130 jaw_q=0.938 gap= +2.3mm ncon_jaw=1 attached=False
  ps=131 jaw_q=0.929 gap= +2.0mm ncon_jaw=1 attached=False
  ps=132 jaw_q=0.919 gap= +1.8mm ncon_jaw=1 attached=False
  ps=133 jaw_q=0.910 gap= +1.6mm ncon_jaw=1 attached=False
  ps=134 jaw_q=0.901 gap= +1.4mm ncon_jaw=1 attached=False
  ps=135 jaw_q=0.891 gap= +1.1mm ncon_jaw=1 attached=False
  ps=136 jaw_q=0.882 gap= +0.9mm ncon_jaw=1 attached=False
  ps=137 jaw_q=0.872 gap= +0.7mm ncon_jaw=1 attached=False
  ps=138 jaw_q=0.862 gap= +0.4mm ncon_jaw=1 attached=False
  ps=139 jaw_q=0.853 gap= +0.2mm ncon_jaw=1 attached=False
  ps=140 jaw_q=0.843 gap= -0.0mm ncon_jaw=1 attached=False
  ps=141 jaw_q=0.833 gap= -0.2mm ncon_jaw=1 attached=False
  ps=142 jaw_q=0.823 gap= -0.5mm ncon_jaw=1 attached=False
  ps=143 jaw_q=0.813 gap= -0.7mm ncon_jaw=1 attached=False
  ps=144 jaw_q=0.803 gap= -1.0mm ncon_jaw=1 attached=False
  ps=145 jaw_q=0.793 gap= -1.2mm ncon_jaw=1 attached=False
  ps=146 jaw_q=0.783 gap= -1.4mm ncon_jaw=1 attached=False
  ps=147 jaw_q=0.773 gap= -1.7mm ncon_jaw=1 attached=False
  ps=148 jaw_q=0.763 gap= -1.9mm ncon_jaw=1 attached=False
  ps=149 jaw_q=0.753 gap= -2.1mm ncon_jaw=1 attached=False
  ps=150 jaw_q=0.743 gap= -2.4mm ncon_jaw=1 attached=False
  ps=151 jaw_q=0.732 gap= -2.6mm ncon_jaw=1 attached=False
  ps=152 jaw_q=0.722 gap= -2.8mm ncon_jaw=1 attached=False
  ps=153 jaw_q=0.712 gap= -3.1mm ncon_jaw=1 attached=False
  ps=154 jaw_q=0.701 gap= -3.3mm ncon_jaw=1 attached=False
  ps=155 jaw_q=0.691 gap= -3.5mm ncon_jaw=1 attached=False
  ps=156 jaw_q=0.681 gap= -3.8mm ncon_jaw=1 attached=False
  ps=157 jaw_q=0.670 gap= -4.0mm ncon_jaw=1 attached=False
  ps=158 jaw_q=0.660 gap= -4.2mm ncon_jaw=1 attached=False
  ps=159 jaw_q=0.649 gap= -4.4mm ncon_jaw=1 attached=False
  ps=160 jaw_q=0.639 gap= -4.7mm ncon_jaw=1 attached=False
  ps=161 jaw_q=0.628 gap= -4.9mm ncon_jaw=1 attached=False
  ps=162 jaw_q=0.617 gap= -5.1mm ncon_jaw=1 attached=False
  ps=163 jaw_q=0.607 gap= -5.3mm ncon_jaw=1 attached=False
  ps=164 jaw_q=0.596 gap= -5.5mm ncon_jaw=1 attached=False
  ps=165 jaw_q=0.586 gap= -5.7mm ncon_jaw=1 attached=False
  ps=166 jaw_q=0.575 gap= -6.0mm ncon_jaw=1 attached=False
  ps=167 jaw_q=0.564 gap= -6.2mm ncon_jaw=1 attached=False
  ps=168 jaw_q=0.554 gap= -6.4mm ncon_jaw=1 attached=False
  ps=169 jaw_q=0.543 gap= -6.6mm ncon_jaw=1 attached=False
  ps=170 jaw_q=0.532 gap= -6.8mm ncon_jaw=1 attached=False

Final attached: False
